[1.225s] Invoking command in '/home/upm/ros2_ws/src/sim_pkg': PYTHONPATH=/home/upm/ros2_ws/src/build/sim_pkg/prefix_override:/usr/lib/python3/dist-packages/colcon_core/task/python/colcon_distutils_commands:/home/upm/ros2_ws/src/install/sim_pkg/lib/python3.10/site-packages:${PYTHONPATH} /usr/bin/python3 -W ignore:setup.py install is deprecated setup.py egg_info --egg-base ../build/sim_pkg build --build-base /home/upm/ros2_ws/src/build/sim_pkg/build install --record /home/upm/ros2_ws/src/build/sim_pkg/install.log --single-version-externally-managed install_data
[1.462s] running egg_info
[1.462s] creating ../build/sim_pkg/sim_pkg.egg-info
[1.462s] writing ../build/sim_pkg/sim_pkg.egg-info/PKG-INFO
[1.462s] writing dependency_links to ../build/sim_pkg/sim_pkg.egg-info/dependency_links.txt
[1.462s] writing entry points to ../build/sim_pkg/sim_pkg.egg-info/entry_points.txt
[1.462s] writing requirements to ../build/sim_pkg/sim_pkg.egg-info/requires.txt
[1.462s] writing top-level names to ../build/sim_pkg/sim_pkg.egg-info/top_level.txt
[1.462s] writing manifest file '../build/sim_pkg/sim_pkg.egg-info/SOURCES.txt'
[1.462s] reading manifest file '../build/sim_pkg/sim_pkg.egg-info/SOURCES.txt'
[1.462s] writing manifest file '../build/sim_pkg/sim_pkg.egg-info/SOURCES.txt'
[1.462s] running build
[1.462s] running build_py
[1.463s] creating /home/upm/ros2_ws/src/build/sim_pkg/build
[1.463s] creating /home/upm/ros2_ws/src/build/sim_pkg/build/lib
[1.463s] creating /home/upm/ros2_ws/src/build/sim_pkg/build/lib/sim_pkg
[1.463s] copying sim_pkg/sim_manual.py -> /home/upm/ros2_ws/src/build/sim_pkg/build/lib/sim_pkg
[1.463s] copying sim_pkg/sim_node.py -> /home/upm/ros2_ws/src/build/sim_pkg/build/lib/sim_pkg
[1.463s] copying sim_pkg/__init__.py -> /home/upm/ros2_ws/src/build/sim_pkg/build/lib/sim_pkg
[1.464s] creating /home/upm/ros2_ws/src/build/sim_pkg/build/lib/sim_pkg/utils
[1.464s] copying sim_pkg/utils/Controller.py -> /home/upm/ros2_ws/src/build/sim_pkg/build/lib/sim_pkg/utils
[1.464s] copying sim_pkg/utils/DC_motor_sim.py -> /home/upm/ros2_ws/src/build/sim_pkg/build/lib/sim_pkg/utils
[1.464s] copying sim_pkg/utils/Performance.py -> /home/upm/ros2_ws/src/build/sim_pkg/build/lib/sim_pkg/utils
[1.464s] copying sim_pkg/utils/__init__.py -> /home/upm/ros2_ws/src/build/sim_pkg/build/lib/sim_pkg/utils
[1.465s] running install
[1.465s] running install_lib
[1.466s] creating /home/upm/ros2_ws/src/install/sim_pkg/lib/python3.10/site-packages/sim_pkg
[1.466s] copying /home/upm/ros2_ws/src/build/sim_pkg/build/lib/sim_pkg/sim_manual.py -> /home/upm/ros2_ws/src/install/sim_pkg/lib/python3.10/site-packages/sim_pkg
[1.466s] creating /home/upm/ros2_ws/src/install/sim_pkg/lib/python3.10/site-packages/sim_pkg/utils
[1.466s] copying /home/upm/ros2_ws/src/build/sim_pkg/build/lib/sim_pkg/utils/Controller.py -> /home/upm/ros2_ws/src/install/sim_pkg/lib/python3.10/site-packages/sim_pkg/utils
[1.466s] copying /home/upm/ros2_ws/src/build/sim_pkg/build/lib/sim_pkg/utils/DC_motor_sim.py -> /home/upm/ros2_ws/src/install/sim_pkg/lib/python3.10/site-packages/sim_pkg/utils
[1.467s] copying /home/upm/ros2_ws/src/build/sim_pkg/build/lib/sim_pkg/utils/Performance.py -> /home/upm/ros2_ws/src/install/sim_pkg/lib/python3.10/site-packages/sim_pkg/utils
[1.467s] copying /home/upm/ros2_ws/src/build/sim_pkg/build/lib/sim_pkg/utils/__init__.py -> /home/upm/ros2_ws/src/install/sim_pkg/lib/python3.10/site-packages/sim_pkg/utils
[1.467s] copying /home/upm/ros2_ws/src/build/sim_pkg/build/lib/sim_pkg/sim_node.py -> /home/upm/ros2_ws/src/install/sim_pkg/lib/python3.10/site-packages/sim_pkg
[1.467s] copying /home/upm/ros2_ws/src/build/sim_pkg/build/lib/sim_pkg/__init__.py -> /home/upm/ros2_ws/src/install/sim_pkg/lib/python3.10/site-packages/sim_pkg
[1.467s] byte-compiling /home/upm/ros2_ws/src/install/sim_pkg/lib/python3.10/site-packages/sim_pkg/sim_manual.py to sim_manual.cpython-310.pyc
[1.468s] byte-compiling /home/upm/ros2_ws/src/install/sim_pkg/lib/python3.10/site-packages/sim_pkg/utils/Controller.py to Controller.cpython-310.pyc
[1.468s] byte-compiling /home/upm/ros2_ws/src/install/sim_pkg/lib/python3.10/site-packages/sim_pkg/utils/DC_motor_sim.py to DC_motor_sim.cpython-310.pyc
[1.469s] byte-compiling /home/upm/ros2_ws/src/install/sim_pkg/lib/python3.10/site-packages/sim_pkg/utils/Performance.py to Performance.cpython-310.pyc
[1.470s] byte-compiling /home/upm/ros2_ws/src/install/sim_pkg/lib/python3.10/site-packages/sim_pkg/utils/__init__.py to __init__.cpython-310.pyc
[1.470s] byte-compiling /home/upm/ros2_ws/src/install/sim_pkg/lib/python3.10/site-packages/sim_pkg/sim_node.py to sim_node.cpython-310.pyc
[1.470s] byte-compiling /home/upm/ros2_ws/src/install/sim_pkg/lib/python3.10/site-packages/sim_pkg/__init__.py to __init__.cpython-310.pyc
[1.470s] running install_data
[1.471s] creating /home/upm/ros2_ws/src/install/sim_pkg/share/ament_index
[1.471s] creating /home/upm/ros2_ws/src/install/sim_pkg/share/ament_index/resource_index
[1.471s] creating /home/upm/ros2_ws/src/install/sim_pkg/share/ament_index/resource_index/packages
[1.471s] copying resource/sim_pkg -> /home/upm/ros2_ws/src/install/sim_pkg/share/ament_index/resource_index/packages
[1.471s] copying package.xml -> /home/upm/ros2_ws/src/install/sim_pkg/share/sim_pkg
[1.471s] copying launch/sim_srv.launch.py -> /home/upm/ros2_ws/src/install/sim_pkg/share/sim_pkg
[1.471s] running install_egg_info
[1.473s] Copying ../build/sim_pkg/sim_pkg.egg-info to /home/upm/ros2_ws/src/install/sim_pkg/lib/python3.10/site-packages/sim_pkg-0.0.0-py3.10.egg-info
[1.473s] running install_scripts
[1.493s] Installing simulator script to /home/upm/ros2_ws/src/install/sim_pkg/lib/sim_pkg
[1.493s] writing list of installed files to '/home/upm/ros2_ws/src/build/sim_pkg/install.log'
[1.535s] Invoked command in '/home/upm/ros2_ws/src/sim_pkg' returned '0': PYTHONPATH=/home/upm/ros2_ws/src/build/sim_pkg/prefix_override:/usr/lib/python3/dist-packages/colcon_core/task/python/colcon_distutils_commands:/home/upm/ros2_ws/src/install/sim_pkg/lib/python3.10/site-packages:${PYTHONPATH} /usr/bin/python3 -W ignore:setup.py install is deprecated setup.py egg_info --egg-base ../build/sim_pkg build --build-base /home/upm/ros2_ws/src/build/sim_pkg/build install --record /home/upm/ros2_ws/src/build/sim_pkg/install.log --single-version-externally-managed install_data
