running egg_info
creating ../build/intro_pkg/intro_pkg.egg-info
writing ../build/intro_pkg/intro_pkg.egg-info/PKG-INFO
writing dependency_links to ../build/intro_pkg/intro_pkg.egg-info/dependency_links.txt
writing entry points to ../build/intro_pkg/intro_pkg.egg-info/entry_points.txt
writing requirements to ../build/intro_pkg/intro_pkg.egg-info/requires.txt
writing top-level names to ../build/intro_pkg/intro_pkg.egg-info/top_level.txt
writing manifest file '../build/intro_pkg/intro_pkg.egg-info/SOURCES.txt'
reading manifest file '../build/intro_pkg/intro_pkg.egg-info/SOURCES.txt'
writing manifest file '../build/intro_pkg/intro_pkg.egg-info/SOURCES.txt'
running build
running build_py
creating /home/upm/ros2_ws/src/build/intro_pkg/build
creating /home/upm/ros2_ws/src/build/intro_pkg/build/lib
creating /home/upm/ros2_ws/src/build/intro_pkg/build/lib/intro_pkg
copying intro_pkg/nodo.py -> /home/upm/ros2_ws/src/build/intro_pkg/build/lib/intro_pkg
copying intro_pkg/publisher.py -> /home/upm/ros2_ws/src/build/intro_pkg/build/lib/intro_pkg
copying intro_pkg/client.py -> /home/upm/ros2_ws/src/build/intro_pkg/build/lib/intro_pkg
copying intro_pkg/server.py -> /home/upm/ros2_ws/src/build/intro_pkg/build/lib/intro_pkg
copying intro_pkg/subscriber.py -> /home/upm/ros2_ws/src/build/intro_pkg/build/lib/intro_pkg
copying intro_pkg/__init__.py -> /home/upm/ros2_ws/src/build/intro_pkg/build/lib/intro_pkg
running install
running install_lib
creating /home/upm/ros2_ws/src/install/intro_pkg/lib/python3.10/site-packages/intro_pkg
copying /home/upm/ros2_ws/src/build/intro_pkg/build/lib/intro_pkg/nodo.py -> /home/upm/ros2_ws/src/install/intro_pkg/lib/python3.10/site-packages/intro_pkg
copying /home/upm/ros2_ws/src/build/intro_pkg/build/lib/intro_pkg/publisher.py -> /home/upm/ros2_ws/src/install/intro_pkg/lib/python3.10/site-packages/intro_pkg
copying /home/upm/ros2_ws/src/build/intro_pkg/build/lib/intro_pkg/client.py -> /home/upm/ros2_ws/src/install/intro_pkg/lib/python3.10/site-packages/intro_pkg
copying /home/upm/ros2_ws/src/build/intro_pkg/build/lib/intro_pkg/server.py -> /home/upm/ros2_ws/src/install/intro_pkg/lib/python3.10/site-packages/intro_pkg
copying /home/upm/ros2_ws/src/build/intro_pkg/build/lib/intro_pkg/subscriber.py -> /home/upm/ros2_ws/src/install/intro_pkg/lib/python3.10/site-packages/intro_pkg
copying /home/upm/ros2_ws/src/build/intro_pkg/build/lib/intro_pkg/__init__.py -> /home/upm/ros2_ws/src/install/intro_pkg/lib/python3.10/site-packages/intro_pkg
byte-compiling /home/upm/ros2_ws/src/install/intro_pkg/lib/python3.10/site-packages/intro_pkg/nodo.py to nodo.cpython-310.pyc
byte-compiling /home/upm/ros2_ws/src/install/intro_pkg/lib/python3.10/site-packages/intro_pkg/publisher.py to publisher.cpython-310.pyc
byte-compiling /home/upm/ros2_ws/src/install/intro_pkg/lib/python3.10/site-packages/intro_pkg/client.py to client.cpython-310.pyc
byte-compiling /home/upm/ros2_ws/src/install/intro_pkg/lib/python3.10/site-packages/intro_pkg/server.py to server.cpython-310.pyc
byte-compiling /home/upm/ros2_ws/src/install/intro_pkg/lib/python3.10/site-packages/intro_pkg/subscriber.py to subscriber.cpython-310.pyc
byte-compiling /home/upm/ros2_ws/src/install/intro_pkg/lib/python3.10/site-packages/intro_pkg/__init__.py to __init__.cpython-310.pyc
running install_data
creating /home/upm/ros2_ws/src/install/intro_pkg/share/ament_index
creating /home/upm/ros2_ws/src/install/intro_pkg/share/ament_index/resource_index
creating /home/upm/ros2_ws/src/install/intro_pkg/share/ament_index/resource_index/packages
copying resource/intro_pkg -> /home/upm/ros2_ws/src/install/intro_pkg/share/ament_index/resource_index/packages
copying package.xml -> /home/upm/ros2_ws/src/install/intro_pkg/share/intro_pkg
creating /home/upm/ros2_ws/src/install/intro_pkg/share/intro_pkg/launch
copying launch/launcher_launch.py -> /home/upm/ros2_ws/src/install/intro_pkg/share/intro_pkg/launch
running install_egg_info
Copying ../build/intro_pkg/intro_pkg.egg-info to /home/upm/ros2_ws/src/install/intro_pkg/lib/python3.10/site-packages/intro_pkg-0.0.0-py3.10.egg-info
running install_scripts
Installing client script to /home/upm/ros2_ws/src/install/intro_pkg/lib/intro_pkg
Installing first_node script to /home/upm/ros2_ws/src/install/intro_pkg/lib/intro_pkg
Installing publisher script to /home/upm/ros2_ws/src/install/intro_pkg/lib/intro_pkg
Installing server script to /home/upm/ros2_ws/src/install/intro_pkg/lib/intro_pkg
Installing subscriber script to /home/upm/ros2_ws/src/install/intro_pkg/lib/intro_pkg
writing list of installed files to '/home/upm/ros2_ws/src/build/intro_pkg/install.log'
