-- The C compiler identification is GNU 11.4.0
-- The CXX compiler identification is GNU 11.4.0
-- Detecting C compiler ABI info
-- Detecting C compiler ABI info - done
-- Check for working C compiler: /usr/bin/cc - skipped
-- Detecting C compile features
-- Detecting C compile features - done
-- Detecting CXX compiler ABI info
-- Detecting CXX compiler ABI info - done
-- Check for working CXX compiler: /usr/bin/c++ - skipped
-- Detecting CXX compile features
-- Detecting CXX compile features - done
-- Found ament_cmake: 1.3.10 (/opt/ros/humble/share/ament_cmake/cmake)
-- Found Python3: /usr/bin/python3 (found version "3.10.12") found components: Interpreter 
-- Found ament_lint_auto: 0.12.11 (/opt/ros/humble/share/ament_lint_auto/cmake)
-- Found rosidl_default_generators: 1.2.0 (/opt/ros/humble/share/rosidl_default_generators/cmake)
-- Using all available rosidl_typesupport_c: rosidl_typesupport_fastrtps_c;rosidl_typesupport_introspection_c
-- Found rosidl_adapter: 3.1.5 (/opt/ros/humble/share/rosidl_adapter/cmake)
-- Using all available rosidl_typesupport_cpp: rosidl_typesupport_fastrtps_cpp;rosidl_typesupport_introspection_cpp
-- Found ament_cmake_ros: 0.10.0 (/opt/ros/humble/share/ament_cmake_ros/cmake)
-- Using all available rosidl_typesupport_c: rosidl_typesupport_fastrtps_c;rosidl_typesupport_introspection_c
-- Using all available rosidl_typesupport_cpp: rosidl_typesupport_fastrtps_cpp;rosidl_typesupport_introspection_cpp
-- Found PythonInterp: /usr/bin/python3 (found suitable version "3.10.12", minimum required is "3.6") 
-- Found python_cmake_module: 0.10.0 (/opt/ros/humble/share/python_cmake_module/cmake)
-- Found PythonLibs: /usr/lib/x86_64-linux-gnu/libpython3.10.so (found suitable version "3.10.12", minimum required is "3.5") 
-- Using PYTHON_EXECUTABLE: /usr/bin/python3
-- Using PYTHON_INCLUDE_DIRS: /usr/include/python3.10
-- Using PYTHON_LIBRARIES: /usr/lib/x86_64-linux-gnu/libpython3.10.so
-- Found PythonExtra: .so  
-- Added test 'lint_cmake' to check CMake code style
-- Added test 'xmllint' to check XML markup files
-- Configuring done
-- Generating done
-- Build files have been written to: /home/upm/ros2_ws/src/build/msgs_control
[  3%] [34m[1mGenerating C code for ROS interfaces[0m
[  6%] [34m[1mGenerating C++ code for ROS interfaces[0m
[  6%] Built target ament_cmake_python_copy_msgs_control
running egg_info
creating msgs_control.egg-info
writing msgs_control.egg-info/PKG-INFO
writing dependency_links to msgs_control.egg-info/dependency_links.txt
writing top-level names to msgs_control.egg-info/top_level.txt
writing manifest file 'msgs_control.egg-info/SOURCES.txt'
reading manifest file 'msgs_control.egg-info/SOURCES.txt'
writing manifest file 'msgs_control.egg-info/SOURCES.txt'
[  6%] Built target ament_cmake_python_build_msgs_control_egg
[  6%] Built target msgs_control__cpp
[  9%] [32mBuilding C object CMakeFiles/msgs_control__rosidl_generator_c.dir/rosidl_generator_c/msgs_control/srv/detail/sim_pid__functions.c.o[0m
[ 12%] [34m[1mGenerating C++ type support for eProsima Fast-RTPS[0m
[ 16%] [34m[1mGenerating C++ type support dispatch for ROS interfaces[0m
[ 19%] [34m[1mGenerating C++ introspection for ROS interfaces[0m
[ 22%] [32m[1mLinking C shared library libmsgs_control__rosidl_generator_c.so[0m
[ 22%] Built target msgs_control__rosidl_generator_c
[ 25%] [34m[1mGenerating C type support for eProsima Fast-RTPS[0m
[ 32%] [34m[1mGenerating C type support dispatch for ROS interfaces[0m
[ 32%] [34m[1mGenerating C introspection for ROS interfaces[0m
[ 35%] [32mBuilding CXX object CMakeFiles/msgs_control__rosidl_typesupport_cpp.dir/rosidl_typesupport_cpp/msgs_control/srv/sim_pid__type_support.cpp.o[0m
[ 38%] [32mBuilding CXX object CMakeFiles/msgs_control__rosidl_typesupport_introspection_cpp.dir/rosidl_typesupport_introspection_cpp/msgs_control/srv/detail/sim_pid__type_support.cpp.o[0m
[ 41%] [32mBuilding CXX object CMakeFiles/msgs_control__rosidl_typesupport_fastrtps_cpp.dir/rosidl_typesupport_fastrtps_cpp/msgs_control/srv/detail/dds_fastrtps/sim_pid__type_support.cpp.o[0m
[ 45%] [32mBuilding CXX object CMakeFiles/msgs_control__rosidl_typesupport_c.dir/rosidl_typesupport_c/msgs_control/srv/sim_pid__type_support.cpp.o[0m
[ 48%] [32m[1mLinking CXX shared library libmsgs_control__rosidl_typesupport_c.so[0m
[ 51%] [32mBuilding C object CMakeFiles/msgs_control__rosidl_typesupport_introspection_c.dir/rosidl_typesupport_introspection_c/msgs_control/srv/detail/sim_pid__type_support.c.o[0m
[ 54%] [32mBuilding CXX object CMakeFiles/msgs_control__rosidl_typesupport_fastrtps_c.dir/rosidl_typesupport_fastrtps_c/msgs_control/srv/detail/sim_pid__type_support_c.cpp.o[0m
[ 54%] Built target msgs_control__rosidl_typesupport_c
[ 58%] [32m[1mLinking C shared library libmsgs_control__rosidl_typesupport_introspection_c.so[0m
[ 61%] [32m[1mLinking CXX shared library libmsgs_control__rosidl_typesupport_cpp.so[0m
[ 61%] Built target msgs_control__rosidl_typesupport_introspection_c
[ 61%] Built target msgs_control__rosidl_typesupport_cpp
[ 64%] [32m[1mLinking CXX shared library libmsgs_control__rosidl_typesupport_introspection_cpp.so[0m
[ 64%] Built target msgs_control__rosidl_typesupport_introspection_cpp
[ 67%] [32m[1mLinking CXX shared library libmsgs_control__rosidl_typesupport_fastrtps_cpp.so[0m
[ 67%] Built target msgs_control__rosidl_typesupport_fastrtps_cpp
[ 70%] [32m[1mLinking CXX shared library libmsgs_control__rosidl_typesupport_fastrtps_c.so[0m
[ 70%] Built target msgs_control__rosidl_typesupport_fastrtps_c
[ 70%] Built target msgs_control
[ 74%] [34m[1mGenerating Python code for ROS interfaces[0m
[ 74%] Built target msgs_control__py
[ 77%] [32mBuilding C object CMakeFiles/msgs_control__rosidl_generator_py.dir/rosidl_generator_py/msgs_control/srv/_sim_pid_s.c.o[0m
[ 80%] [32m[1mLinking C shared library rosidl_generator_py/msgs_control/libmsgs_control__rosidl_generator_py.so[0m
[ 80%] Built target msgs_control__rosidl_generator_py
[ 87%] [32mBuilding C object CMakeFiles/msgs_control__rosidl_typesupport_introspection_c__pyext.dir/rosidl_generator_py/msgs_control/_msgs_control_s.ep.rosidl_typesupport_introspection_c.c.o[0m
[ 87%] [32mBuilding C object CMakeFiles/msgs_control__rosidl_typesupport_fastrtps_c__pyext.dir/rosidl_generator_py/msgs_control/_msgs_control_s.ep.rosidl_typesupport_fastrtps_c.c.o[0m
[ 90%] [32mBuilding C object CMakeFiles/msgs_control__rosidl_typesupport_c__pyext.dir/rosidl_generator_py/msgs_control/_msgs_control_s.ep.rosidl_typesupport_c.c.o[0m
[ 93%] [32m[1mLinking C shared library rosidl_generator_py/msgs_control/msgs_control_s__rosidl_typesupport_introspection_c.cpython-310-x86_64-linux-gnu.so[0m
[ 96%] [32m[1mLinking C shared library rosidl_generator_py/msgs_control/msgs_control_s__rosidl_typesupport_c.cpython-310-x86_64-linux-gnu.so[0m
[100%] [32m[1mLinking C shared library rosidl_generator_py/msgs_control/msgs_control_s__rosidl_typesupport_fastrtps_c.cpython-310-x86_64-linux-gnu.so[0m
[100%] Built target msgs_control__rosidl_typesupport_introspection_c__pyext
[100%] Built target msgs_control__rosidl_typesupport_c__pyext
[100%] Built target msgs_control__rosidl_typesupport_fastrtps_c__pyext
-- Install configuration: ""
-- Installing: /home/upm/ros2_ws/src/install/msgs_control/share/ament_index/resource_index/rosidl_interfaces/msgs_control
-- Installing: /home/upm/ros2_ws/src/install/msgs_control/include/msgs_control/msgs_control
-- Installing: /home/upm/ros2_ws/src/install/msgs_control/include/msgs_control/msgs_control/msg
-- Installing: /home/upm/ros2_ws/src/install/msgs_control/include/msgs_control/msgs_control/msg/rosidl_generator_c__visibility_control.h
-- Installing: /home/upm/ros2_ws/src/install/msgs_control/include/msgs_control/msgs_control/srv
-- Installing: /home/upm/ros2_ws/src/install/msgs_control/include/msgs_control/msgs_control/srv/detail
-- Installing: /home/upm/ros2_ws/src/install/msgs_control/include/msgs_control/msgs_control/srv/detail/sim_pid__functions.h
-- Installing: /home/upm/ros2_ws/src/install/msgs_control/include/msgs_control/msgs_control/srv/detail/sim_pid__type_support.h
-- Installing: /home/upm/ros2_ws/src/install/msgs_control/include/msgs_control/msgs_control/srv/detail/sim_pid__struct.h
-- Installing: /home/upm/ros2_ws/src/install/msgs_control/include/msgs_control/msgs_control/srv/detail/sim_pid__functions.c
-- Installing: /home/upm/ros2_ws/src/install/msgs_control/include/msgs_control/msgs_control/srv/sim_pid.h
-- Installing: /home/upm/ros2_ws/src/install/msgs_control/share/msgs_control/environment/library_path.sh
-- Installing: /home/upm/ros2_ws/src/install/msgs_control/share/msgs_control/environment/library_path.dsv
-- Installing: /home/upm/ros2_ws/src/install/msgs_control/lib/libmsgs_control__rosidl_generator_c.so
-- Set runtime path of "/home/upm/ros2_ws/src/install/msgs_control/lib/libmsgs_control__rosidl_generator_c.so" to ""
-- Up-to-date: /home/upm/ros2_ws/src/install/msgs_control/include/msgs_control/msgs_control
-- Up-to-date: /home/upm/ros2_ws/src/install/msgs_control/include/msgs_control/msgs_control/msg
-- Installing: /home/upm/ros2_ws/src/install/msgs_control/include/msgs_control/msgs_control/msg/rosidl_typesupport_fastrtps_c__visibility_control.h
-- Up-to-date: /home/upm/ros2_ws/src/install/msgs_control/include/msgs_control/msgs_control/srv
-- Up-to-date: /home/upm/ros2_ws/src/install/msgs_control/include/msgs_control/msgs_control/srv/detail
-- Installing: /home/upm/ros2_ws/src/install/msgs_control/include/msgs_control/msgs_control/srv/detail/sim_pid__rosidl_typesupport_fastrtps_c.h
-- Installing: /home/upm/ros2_ws/src/install/msgs_control/lib/libmsgs_control__rosidl_typesupport_fastrtps_c.so
-- Set runtime path of "/home/upm/ros2_ws/src/install/msgs_control/lib/libmsgs_control__rosidl_typesupport_fastrtps_c.so" to ""
-- Up-to-date: /home/upm/ros2_ws/src/install/msgs_control/include/msgs_control/msgs_control
-- Up-to-date: /home/upm/ros2_ws/src/install/msgs_control/include/msgs_control/msgs_control/msg
-- Installing: /home/upm/ros2_ws/src/install/msgs_control/include/msgs_control/msgs_control/msg/rosidl_typesupport_introspection_c__visibility_control.h
-- Up-to-date: /home/upm/ros2_ws/src/install/msgs_control/include/msgs_control/msgs_control/srv
-- Up-to-date: /home/upm/ros2_ws/src/install/msgs_control/include/msgs_control/msgs_control/srv/detail
-- Installing: /home/upm/ros2_ws/src/install/msgs_control/include/msgs_control/msgs_control/srv/detail/sim_pid__rosidl_typesupport_introspection_c.h
-- Installing: /home/upm/ros2_ws/src/install/msgs_control/include/msgs_control/msgs_control/srv/detail/sim_pid__type_support.c
-- Installing: /home/upm/ros2_ws/src/install/msgs_control/lib/libmsgs_control__rosidl_typesupport_introspection_c.so
-- Set runtime path of "/home/upm/ros2_ws/src/install/msgs_control/lib/libmsgs_control__rosidl_typesupport_introspection_c.so" to ""
-- Installing: /home/upm/ros2_ws/src/install/msgs_control/lib/libmsgs_control__rosidl_typesupport_c.so
-- Set runtime path of "/home/upm/ros2_ws/src/install/msgs_control/lib/libmsgs_control__rosidl_typesupport_c.so" to ""
-- Up-to-date: /home/upm/ros2_ws/src/install/msgs_control/include/msgs_control/msgs_control
-- Up-to-date: /home/upm/ros2_ws/src/install/msgs_control/include/msgs_control/msgs_control/srv
-- Up-to-date: /home/upm/ros2_ws/src/install/msgs_control/include/msgs_control/msgs_control/srv/detail
-- Installing: /home/upm/ros2_ws/src/install/msgs_control/include/msgs_control/msgs_control/srv/detail/sim_pid__builder.hpp
-- Installing: /home/upm/ros2_ws/src/install/msgs_control/include/msgs_control/msgs_control/srv/detail/sim_pid__traits.hpp
-- Installing: /home/upm/ros2_ws/src/install/msgs_control/include/msgs_control/msgs_control/srv/detail/sim_pid__struct.hpp
-- Installing: /home/upm/ros2_ws/src/install/msgs_control/include/msgs_control/msgs_control/srv/sim_pid.hpp
-- Up-to-date: /home/upm/ros2_ws/src/install/msgs_control/include/msgs_control/msgs_control
-- Up-to-date: /home/upm/ros2_ws/src/install/msgs_control/include/msgs_control/msgs_control/msg
-- Installing: /home/upm/ros2_ws/src/install/msgs_control/include/msgs_control/msgs_control/msg/rosidl_typesupport_fastrtps_cpp__visibility_control.h
-- Up-to-date: /home/upm/ros2_ws/src/install/msgs_control/include/msgs_control/msgs_control/srv
-- Up-to-date: /home/upm/ros2_ws/src/install/msgs_control/include/msgs_control/msgs_control/srv/detail
-- Installing: /home/upm/ros2_ws/src/install/msgs_control/include/msgs_control/msgs_control/srv/detail/dds_fastrtps
-- Installing: /home/upm/ros2_ws/src/install/msgs_control/include/msgs_control/msgs_control/srv/detail/sim_pid__rosidl_typesupport_fastrtps_cpp.hpp
-- Installing: /home/upm/ros2_ws/src/install/msgs_control/lib/libmsgs_control__rosidl_typesupport_fastrtps_cpp.so
-- Set runtime path of "/home/upm/ros2_ws/src/install/msgs_control/lib/libmsgs_control__rosidl_typesupport_fastrtps_cpp.so" to ""
-- Up-to-date: /home/upm/ros2_ws/src/install/msgs_control/include/msgs_control/msgs_control
-- Up-to-date: /home/upm/ros2_ws/src/install/msgs_control/include/msgs_control/msgs_control/srv
-- Up-to-date: /home/upm/ros2_ws/src/install/msgs_control/include/msgs_control/msgs_control/srv/detail
-- Installing: /home/upm/ros2_ws/src/install/msgs_control/include/msgs_control/msgs_control/srv/detail/sim_pid__rosidl_typesupport_introspection_cpp.hpp
-- Installing: /home/upm/ros2_ws/src/install/msgs_control/include/msgs_control/msgs_control/srv/detail/sim_pid__type_support.cpp
-- Installing: /home/upm/ros2_ws/src/install/msgs_control/lib/libmsgs_control__rosidl_typesupport_introspection_cpp.so
-- Set runtime path of "/home/upm/ros2_ws/src/install/msgs_control/lib/libmsgs_control__rosidl_typesupport_introspection_cpp.so" to ""
-- Installing: /home/upm/ros2_ws/src/install/msgs_control/lib/libmsgs_control__rosidl_typesupport_cpp.so
-- Set runtime path of "/home/upm/ros2_ws/src/install/msgs_control/lib/libmsgs_control__rosidl_typesupport_cpp.so" to ""
-- Installing: /home/upm/ros2_ws/src/install/msgs_control/share/msgs_control/environment/pythonpath.sh
-- Installing: /home/upm/ros2_ws/src/install/msgs_control/share/msgs_control/environment/pythonpath.dsv
-- Installing: /home/upm/ros2_ws/src/install/msgs_control/local/lib/python3.10/dist-packages/msgs_control-0.0.0-py3.10.egg-info
-- Installing: /home/upm/ros2_ws/src/install/msgs_control/local/lib/python3.10/dist-packages/msgs_control-0.0.0-py3.10.egg-info/SOURCES.txt
-- Installing: /home/upm/ros2_ws/src/install/msgs_control/local/lib/python3.10/dist-packages/msgs_control-0.0.0-py3.10.egg-info/top_level.txt
-- Installing: /home/upm/ros2_ws/src/install/msgs_control/local/lib/python3.10/dist-packages/msgs_control-0.0.0-py3.10.egg-info/dependency_links.txt
-- Installing: /home/upm/ros2_ws/src/install/msgs_control/local/lib/python3.10/dist-packages/msgs_control-0.0.0-py3.10.egg-info/PKG-INFO
-- Installing: /home/upm/ros2_ws/src/install/msgs_control/local/lib/python3.10/dist-packages/msgs_control
-- Installing: /home/upm/ros2_ws/src/install/msgs_control/local/lib/python3.10/dist-packages/msgs_control/msgs_control_s__rosidl_typesupport_fastrtps_c.cpython-310-x86_64-linux-gnu.so
-- Installing: /home/upm/ros2_ws/src/install/msgs_control/local/lib/python3.10/dist-packages/msgs_control/msgs_control_s__rosidl_typesupport_c.cpython-310-x86_64-linux-gnu.so
-- Installing: /home/upm/ros2_ws/src/install/msgs_control/local/lib/python3.10/dist-packages/msgs_control/_msgs_control_s.ep.rosidl_typesupport_introspection_c.c
-- Installing: /home/upm/ros2_ws/src/install/msgs_control/local/lib/python3.10/dist-packages/msgs_control/msgs_control_s__rosidl_typesupport_introspection_c.cpython-310-x86_64-linux-gnu.so
-- Installing: /home/upm/ros2_ws/src/install/msgs_control/local/lib/python3.10/dist-packages/msgs_control/_msgs_control_s.ep.rosidl_typesupport_fastrtps_c.c
-- Installing: /home/upm/ros2_ws/src/install/msgs_control/local/lib/python3.10/dist-packages/msgs_control/libmsgs_control__rosidl_generator_py.so
-- Installing: /home/upm/ros2_ws/src/install/msgs_control/local/lib/python3.10/dist-packages/msgs_control/_msgs_control_s.ep.rosidl_typesupport_c.c
-- Installing: /home/upm/ros2_ws/src/install/msgs_control/local/lib/python3.10/dist-packages/msgs_control/srv
-- Installing: /home/upm/ros2_ws/src/install/msgs_control/local/lib/python3.10/dist-packages/msgs_control/srv/_sim_pid_s.c
-- Installing: /home/upm/ros2_ws/src/install/msgs_control/local/lib/python3.10/dist-packages/msgs_control/srv/_sim_pid.py
-- Installing: /home/upm/ros2_ws/src/install/msgs_control/local/lib/python3.10/dist-packages/msgs_control/srv/__init__.py
-- Installing: /home/upm/ros2_ws/src/install/msgs_control/local/lib/python3.10/dist-packages/msgs_control/__init__.py
Listing '/home/upm/ros2_ws/src/install/msgs_control/local/lib/python3.10/dist-packages/msgs_control'...
Compiling '/home/upm/ros2_ws/src/install/msgs_control/local/lib/python3.10/dist-packages/msgs_control/__init__.py'...
Listing '/home/upm/ros2_ws/src/install/msgs_control/local/lib/python3.10/dist-packages/msgs_control/srv'...
Compiling '/home/upm/ros2_ws/src/install/msgs_control/local/lib/python3.10/dist-packages/msgs_control/srv/__init__.py'...
Compiling '/home/upm/ros2_ws/src/install/msgs_control/local/lib/python3.10/dist-packages/msgs_control/srv/_sim_pid.py'...
-- Installing: /home/upm/ros2_ws/src/install/msgs_control/local/lib/python3.10/dist-packages/msgs_control/msgs_control_s__rosidl_typesupport_fastrtps_c.cpython-310-x86_64-linux-gnu.so
-- Set runtime path of "/home/upm/ros2_ws/src/install/msgs_control/local/lib/python3.10/dist-packages/msgs_control/msgs_control_s__rosidl_typesupport_fastrtps_c.cpython-310-x86_64-linux-gnu.so" to ""
-- Installing: /home/upm/ros2_ws/src/install/msgs_control/local/lib/python3.10/dist-packages/msgs_control/msgs_control_s__rosidl_typesupport_introspection_c.cpython-310-x86_64-linux-gnu.so
-- Set runtime path of "/home/upm/ros2_ws/src/install/msgs_control/local/lib/python3.10/dist-packages/msgs_control/msgs_control_s__rosidl_typesupport_introspection_c.cpython-310-x86_64-linux-gnu.so" to ""
-- Installing: /home/upm/ros2_ws/src/install/msgs_control/local/lib/python3.10/dist-packages/msgs_control/msgs_control_s__rosidl_typesupport_c.cpython-310-x86_64-linux-gnu.so
-- Set runtime path of "/home/upm/ros2_ws/src/install/msgs_control/local/lib/python3.10/dist-packages/msgs_control/msgs_control_s__rosidl_typesupport_c.cpython-310-x86_64-linux-gnu.so" to ""
-- Installing: /home/upm/ros2_ws/src/install/msgs_control/lib/libmsgs_control__rosidl_generator_py.so
-- Set runtime path of "/home/upm/ros2_ws/src/install/msgs_control/lib/libmsgs_control__rosidl_generator_py.so" to ""
-- Installing: /home/upm/ros2_ws/src/install/msgs_control/share/msgs_control/srv/SimPID.idl
-- Installing: /home/upm/ros2_ws/src/install/msgs_control/share/msgs_control/srv/SimPID.srv
-- Installing: /home/upm/ros2_ws/src/install/msgs_control/share/msgs_control/srv/SimPID_Request.msg
-- Installing: /home/upm/ros2_ws/src/install/msgs_control/share/msgs_control/srv/SimPID_Response.msg
-- Installing: /home/upm/ros2_ws/src/install/msgs_control/share/ament_index/resource_index/package_run_dependencies/msgs_control
-- Installing: /home/upm/ros2_ws/src/install/msgs_control/share/ament_index/resource_index/parent_prefix_path/msgs_control
-- Installing: /home/upm/ros2_ws/src/install/msgs_control/share/msgs_control/environment/ament_prefix_path.sh
-- Installing: /home/upm/ros2_ws/src/install/msgs_control/share/msgs_control/environment/ament_prefix_path.dsv
-- Installing: /home/upm/ros2_ws/src/install/msgs_control/share/msgs_control/environment/path.sh
-- Installing: /home/upm/ros2_ws/src/install/msgs_control/share/msgs_control/environment/path.dsv
-- Installing: /home/upm/ros2_ws/src/install/msgs_control/share/msgs_control/local_setup.bash
-- Installing: /home/upm/ros2_ws/src/install/msgs_control/share/msgs_control/local_setup.sh
-- Installing: /home/upm/ros2_ws/src/install/msgs_control/share/msgs_control/local_setup.zsh
-- Installing: /home/upm/ros2_ws/src/install/msgs_control/share/msgs_control/local_setup.dsv
-- Installing: /home/upm/ros2_ws/src/install/msgs_control/share/msgs_control/package.dsv
-- Installing: /home/upm/ros2_ws/src/install/msgs_control/share/ament_index/resource_index/packages/msgs_control
-- Installing: /home/upm/ros2_ws/src/install/msgs_control/share/msgs_control/cmake/export_msgs_control__rosidl_generator_cExport.cmake
-- Installing: /home/upm/ros2_ws/src/install/msgs_control/share/msgs_control/cmake/export_msgs_control__rosidl_generator_cExport-noconfig.cmake
-- Installing: /home/upm/ros2_ws/src/install/msgs_control/share/msgs_control/cmake/export_msgs_control__rosidl_typesupport_fastrtps_cExport.cmake
-- Installing: /home/upm/ros2_ws/src/install/msgs_control/share/msgs_control/cmake/export_msgs_control__rosidl_typesupport_fastrtps_cExport-noconfig.cmake
-- Installing: /home/upm/ros2_ws/src/install/msgs_control/share/msgs_control/cmake/msgs_control__rosidl_typesupport_introspection_cExport.cmake
-- Installing: /home/upm/ros2_ws/src/install/msgs_control/share/msgs_control/cmake/msgs_control__rosidl_typesupport_introspection_cExport-noconfig.cmake
-- Installing: /home/upm/ros2_ws/src/install/msgs_control/share/msgs_control/cmake/msgs_control__rosidl_typesupport_cExport.cmake
-- Installing: /home/upm/ros2_ws/src/install/msgs_control/share/msgs_control/cmake/msgs_control__rosidl_typesupport_cExport-noconfig.cmake
-- Installing: /home/upm/ros2_ws/src/install/msgs_control/share/msgs_control/cmake/export_msgs_control__rosidl_generator_cppExport.cmake
-- Installing: /home/upm/ros2_ws/src/install/msgs_control/share/msgs_control/cmake/export_msgs_control__rosidl_typesupport_fastrtps_cppExport.cmake
-- Installing: /home/upm/ros2_ws/src/install/msgs_control/share/msgs_control/cmake/export_msgs_control__rosidl_typesupport_fastrtps_cppExport-noconfig.cmake
-- Installing: /home/upm/ros2_ws/src/install/msgs_control/share/msgs_control/cmake/msgs_control__rosidl_typesupport_introspection_cppExport.cmake
-- Installing: /home/upm/ros2_ws/src/install/msgs_control/share/msgs_control/cmake/msgs_control__rosidl_typesupport_introspection_cppExport-noconfig.cmake
-- Installing: /home/upm/ros2_ws/src/install/msgs_control/share/msgs_control/cmake/msgs_control__rosidl_typesupport_cppExport.cmake
-- Installing: /home/upm/ros2_ws/src/install/msgs_control/share/msgs_control/cmake/msgs_control__rosidl_typesupport_cppExport-noconfig.cmake
-- Installing: /home/upm/ros2_ws/src/install/msgs_control/share/msgs_control/cmake/export_msgs_control__rosidl_generator_pyExport.cmake
-- Installing: /home/upm/ros2_ws/src/install/msgs_control/share/msgs_control/cmake/export_msgs_control__rosidl_generator_pyExport-noconfig.cmake
-- Installing: /home/upm/ros2_ws/src/install/msgs_control/share/msgs_control/cmake/rosidl_cmake-extras.cmake
-- Installing: /home/upm/ros2_ws/src/install/msgs_control/share/msgs_control/cmake/ament_cmake_export_include_directories-extras.cmake
-- Installing: /home/upm/ros2_ws/src/install/msgs_control/share/msgs_control/cmake/ament_cmake_export_libraries-extras.cmake
-- Installing: /home/upm/ros2_ws/src/install/msgs_control/share/msgs_control/cmake/ament_cmake_export_targets-extras.cmake
-- Installing: /home/upm/ros2_ws/src/install/msgs_control/share/msgs_control/cmake/rosidl_cmake_export_typesupport_targets-extras.cmake
-- Installing: /home/upm/ros2_ws/src/install/msgs_control/share/msgs_control/cmake/ament_cmake_export_dependencies-extras.cmake
-- Installing: /home/upm/ros2_ws/src/install/msgs_control/share/msgs_control/cmake/rosidl_cmake_export_typesupport_libraries-extras.cmake
-- Installing: /home/upm/ros2_ws/src/install/msgs_control/share/msgs_control/cmake/msgs_controlConfig.cmake
-- Installing: /home/upm/ros2_ws/src/install/msgs_control/share/msgs_control/cmake/msgs_controlConfig-version.cmake
-- Installing: /home/upm/ros2_ws/src/install/msgs_control/share/msgs_control/package.xml
