[0.529s] Invoking command in '/home/upm/ros2_ws/src/build/msgs_control': CMAKE_PREFIX_PATH=/opt/ros/humble /usr/bin/cmake /home/upm/ros2_ws/src/msgs_control -DCMAKE_INSTALL_PREFIX=/home/upm/ros2_ws/src/install/msgs_control
[0.717s] -- The C compiler identification is GNU 11.4.0
[0.844s] -- The CXX compiler identification is GNU 11.4.0
[0.863s] -- Detecting C compiler ABI info
[0.937s] -- Detecting C compiler ABI info - done
[0.944s] -- Check for working C compiler: /usr/bin/cc - skipped
[0.945s] -- Detecting C compile features
[0.947s] -- Detecting C compile features - done
[0.953s] -- Detecting CXX compiler ABI info
[1.036s] -- Detecting CXX compiler ABI info - done
[1.043s] -- Check for working CXX compiler: /usr/bin/c++ - skipped
[1.043s] -- Detecting CXX compile features
[1.043s] -- Detecting CXX compile features - done
[1.048s] -- Found ament_cmake: 1.3.10 (/opt/ros/humble/share/ament_cmake/cmake)
[1.204s] -- Found Python3: /usr/bin/python3 (found version "3.10.12") found components: Interpreter 
[1.302s] -- Found ament_lint_auto: 0.12.11 (/opt/ros/humble/share/ament_lint_auto/cmake)
[1.374s] -- Found rosidl_default_generators: 1.2.0 (/opt/ros/humble/share/rosidl_default_generators/cmake)
[1.375s] -- Using all available rosidl_typesupport_c: rosidl_typesupport_fastrtps_c;rosidl_typesupport_introspection_c
[1.381s] -- Found rosidl_adapter: 3.1.5 (/opt/ros/humble/share/rosidl_adapter/cmake)
[1.415s] -- Using all available rosidl_typesupport_cpp: rosidl_typesupport_fastrtps_cpp;rosidl_typesupport_introspection_cpp
[1.635s] -- Found ament_cmake_ros: 0.10.0 (/opt/ros/humble/share/ament_cmake_ros/cmake)
[1.798s] -- Using all available rosidl_typesupport_c: rosidl_typesupport_fastrtps_c;rosidl_typesupport_introspection_c
[2.014s] -- Using all available rosidl_typesupport_cpp: rosidl_typesupport_fastrtps_cpp;rosidl_typesupport_introspection_cpp
[2.036s] -- Found PythonInterp: /usr/bin/python3 (found suitable version "3.10.12", minimum required is "3.6") 
[2.037s] -- Found python_cmake_module: 0.10.0 (/opt/ros/humble/share/python_cmake_module/cmake)
[2.065s] -- Found PythonLibs: /usr/lib/x86_64-linux-gnu/libpython3.10.so (found suitable version "3.10.12", minimum required is "3.5") 
[2.065s] -- Using PYTHON_EXECUTABLE: /usr/bin/python3
[2.065s] -- Using PYTHON_INCLUDE_DIRS: /usr/include/python3.10
[2.065s] -- Using PYTHON_LIBRARIES: /usr/lib/x86_64-linux-gnu/libpython3.10.so
[2.085s] -- Found PythonExtra: .so  
[2.118s] -- Added test 'lint_cmake' to check CMake code style
[2.120s] -- Added test 'xmllint' to check XML markup files
[2.128s] -- Configuring done
[2.153s] -- Generating done
[2.155s] -- Build files have been written to: /home/upm/ros2_ws/src/build/msgs_control
[2.163s] Invoked command in '/home/upm/ros2_ws/src/build/msgs_control' returned '0': CMAKE_PREFIX_PATH=/opt/ros/humble /usr/bin/cmake /home/upm/ros2_ws/src/msgs_control -DCMAKE_INSTALL_PREFIX=/home/upm/ros2_ws/src/install/msgs_control
[2.167s] Invoking command in '/home/upm/ros2_ws/src/build/msgs_control': CMAKE_PREFIX_PATH=/opt/ros/humble /usr/bin/cmake --build /home/upm/ros2_ws/src/build/msgs_control -- -j6 -l6
[2.202s] [  3%] [34m[1mGenerating C code for ROS interfaces[0m
[2.220s] [  6%] [34m[1mGenerating C++ code for ROS interfaces[0m
[2.220s] [  6%] Built target ament_cmake_python_copy_msgs_control
[2.458s] running egg_info
[2.459s] creating msgs_control.egg-info
[2.459s] writing msgs_control.egg-info/PKG-INFO
[2.460s] writing dependency_links to msgs_control.egg-info/dependency_links.txt
[2.460s] writing top-level names to msgs_control.egg-info/top_level.txt
[2.460s] writing manifest file 'msgs_control.egg-info/SOURCES.txt'
[2.462s] reading manifest file 'msgs_control.egg-info/SOURCES.txt'
[2.463s] writing manifest file 'msgs_control.egg-info/SOURCES.txt'
[2.489s] [  6%] Built target ament_cmake_python_build_msgs_control_egg
[2.492s] [  6%] Built target msgs_control__cpp
[2.496s] [  9%] [32mBuilding C object CMakeFiles/msgs_control__rosidl_generator_c.dir/rosidl_generator_c/msgs_control/srv/detail/sim_pid__functions.c.o[0m
[2.503s] [ 12%] [34m[1mGenerating C++ type support for eProsima Fast-RTPS[0m
[2.514s] [ 16%] [34m[1mGenerating C++ type support dispatch for ROS interfaces[0m
[2.515s] [ 19%] [34m[1mGenerating C++ introspection for ROS interfaces[0m
[2.675s] [ 22%] [32m[1mLinking C shared library libmsgs_control__rosidl_generator_c.so[0m
[2.741s] [ 22%] Built target msgs_control__rosidl_generator_c
[2.754s] [ 25%] [34m[1mGenerating C type support for eProsima Fast-RTPS[0m
[2.766s] [ 32%] [34m[1mGenerating C type support dispatch for ROS interfaces[0m
[2.772s] [ 32%] [34m[1mGenerating C introspection for ROS interfaces[0m
[2.781s] [ 35%] [32mBuilding CXX object CMakeFiles/msgs_control__rosidl_typesupport_cpp.dir/rosidl_typesupport_cpp/msgs_control/srv/sim_pid__type_support.cpp.o[0m
[2.866s] [ 38%] [32mBuilding CXX object CMakeFiles/msgs_control__rosidl_typesupport_introspection_cpp.dir/rosidl_typesupport_introspection_cpp/msgs_control/srv/detail/sim_pid__type_support.cpp.o[0m
[2.939s] [ 41%] [32mBuilding CXX object CMakeFiles/msgs_control__rosidl_typesupport_fastrtps_cpp.dir/rosidl_typesupport_fastrtps_cpp/msgs_control/srv/detail/dds_fastrtps/sim_pid__type_support.cpp.o[0m
[3.221s] [ 45%] [32mBuilding CXX object CMakeFiles/msgs_control__rosidl_typesupport_c.dir/rosidl_typesupport_c/msgs_control/srv/sim_pid__type_support.cpp.o[0m
[3.292s] [ 48%] [32m[1mLinking CXX shared library libmsgs_control__rosidl_typesupport_c.so[0m
[3.321s] [ 51%] [32mBuilding C object CMakeFiles/msgs_control__rosidl_typesupport_introspection_c.dir/rosidl_typesupport_introspection_c/msgs_control/srv/detail/sim_pid__type_support.c.o[0m
[3.321s] [ 54%] [32mBuilding CXX object CMakeFiles/msgs_control__rosidl_typesupport_fastrtps_c.dir/rosidl_typesupport_fastrtps_c/msgs_control/srv/detail/sim_pid__type_support_c.cpp.o[0m
[3.393s] [ 54%] Built target msgs_control__rosidl_typesupport_c
[3.411s] [ 58%] [32m[1mLinking C shared library libmsgs_control__rosidl_typesupport_introspection_c.so[0m
[3.458s] [ 61%] [32m[1mLinking CXX shared library libmsgs_control__rosidl_typesupport_cpp.so[0m
[3.472s] [ 61%] Built target msgs_control__rosidl_typesupport_introspection_c
[3.537s] [ 61%] Built target msgs_control__rosidl_typesupport_cpp
[3.602s] [ 64%] [32m[1mLinking CXX shared library libmsgs_control__rosidl_typesupport_introspection_cpp.so[0m
[3.694s] [ 64%] Built target msgs_control__rosidl_typesupport_introspection_cpp
[3.770s] [ 67%] [32m[1mLinking CXX shared library libmsgs_control__rosidl_typesupport_fastrtps_cpp.so[0m
[3.843s] [ 67%] Built target msgs_control__rosidl_typesupport_fastrtps_cpp
[3.874s] [ 70%] [32m[1mLinking CXX shared library libmsgs_control__rosidl_typesupport_fastrtps_c.so[0m
[3.946s] [ 70%] Built target msgs_control__rosidl_typesupport_fastrtps_c
[3.967s] [ 70%] Built target msgs_control
[3.986s] [ 74%] [34m[1mGenerating Python code for ROS interfaces[0m
[4.338s] [ 74%] Built target msgs_control__py
[4.357s] [ 77%] [32mBuilding C object CMakeFiles/msgs_control__rosidl_generator_py.dir/rosidl_generator_py/msgs_control/srv/_sim_pid_s.c.o[0m
[4.521s] [ 80%] [32m[1mLinking C shared library rosidl_generator_py/msgs_control/libmsgs_control__rosidl_generator_py.so[0m
[4.559s] [ 80%] Built target msgs_control__rosidl_generator_py
[4.579s] [ 87%] [32mBuilding C object CMakeFiles/msgs_control__rosidl_typesupport_introspection_c__pyext.dir/rosidl_generator_py/msgs_control/_msgs_control_s.ep.rosidl_typesupport_introspection_c.c.o[0m
[4.579s] [ 87%] [32mBuilding C object CMakeFiles/msgs_control__rosidl_typesupport_fastrtps_c__pyext.dir/rosidl_generator_py/msgs_control/_msgs_control_s.ep.rosidl_typesupport_fastrtps_c.c.o[0m
[4.579s] [ 90%] [32mBuilding C object CMakeFiles/msgs_control__rosidl_typesupport_c__pyext.dir/rosidl_generator_py/msgs_control/_msgs_control_s.ep.rosidl_typesupport_c.c.o[0m
[4.670s] [ 93%] [32m[1mLinking C shared library rosidl_generator_py/msgs_control/msgs_control_s__rosidl_typesupport_introspection_c.cpython-310-x86_64-linux-gnu.so[0m
[4.670s] [ 96%] [32m[1mLinking C shared library rosidl_generator_py/msgs_control/msgs_control_s__rosidl_typesupport_c.cpython-310-x86_64-linux-gnu.so[0m
[4.672s] [100%] [32m[1mLinking C shared library rosidl_generator_py/msgs_control/msgs_control_s__rosidl_typesupport_fastrtps_c.cpython-310-x86_64-linux-gnu.so[0m
[4.701s] [100%] Built target msgs_control__rosidl_typesupport_introspection_c__pyext
[4.702s] [100%] Built target msgs_control__rosidl_typesupport_c__pyext
[4.704s] [100%] Built target msgs_control__rosidl_typesupport_fastrtps_c__pyext
[4.717s] Invoked command in '/home/upm/ros2_ws/src/build/msgs_control' returned '0': CMAKE_PREFIX_PATH=/opt/ros/humble /usr/bin/cmake --build /home/upm/ros2_ws/src/build/msgs_control -- -j6 -l6
[4.782s] Invoking command in '/home/upm/ros2_ws/src/build/msgs_control': CMAKE_PREFIX_PATH=/opt/ros/humble /usr/bin/cmake --install /home/upm/ros2_ws/src/build/msgs_control
[4.790s] -- Install configuration: ""
[4.790s] -- Installing: /home/upm/ros2_ws/src/install/msgs_control/share/ament_index/resource_index/rosidl_interfaces/msgs_control
[4.790s] -- Installing: /home/upm/ros2_ws/src/install/msgs_control/include/msgs_control/msgs_control
[4.790s] -- Installing: /home/upm/ros2_ws/src/install/msgs_control/include/msgs_control/msgs_control/msg
[4.790s] -- Installing: /home/upm/ros2_ws/src/install/msgs_control/include/msgs_control/msgs_control/msg/rosidl_generator_c__visibility_control.h
[4.790s] -- Installing: /home/upm/ros2_ws/src/install/msgs_control/include/msgs_control/msgs_control/srv
[4.790s] -- Installing: /home/upm/ros2_ws/src/install/msgs_control/include/msgs_control/msgs_control/srv/detail
[4.791s] -- Installing: /home/upm/ros2_ws/src/install/msgs_control/include/msgs_control/msgs_control/srv/detail/sim_pid__functions.h
[4.791s] -- Installing: /home/upm/ros2_ws/src/install/msgs_control/include/msgs_control/msgs_control/srv/detail/sim_pid__type_support.h
[4.791s] -- Installing: /home/upm/ros2_ws/src/install/msgs_control/include/msgs_control/msgs_control/srv/detail/sim_pid__struct.h
[4.791s] -- Installing: /home/upm/ros2_ws/src/install/msgs_control/include/msgs_control/msgs_control/srv/detail/sim_pid__functions.c
[4.791s] -- Installing: /home/upm/ros2_ws/src/install/msgs_control/include/msgs_control/msgs_control/srv/sim_pid.h
[4.791s] -- Installing: /home/upm/ros2_ws/src/install/msgs_control/share/msgs_control/environment/library_path.sh
[4.791s] -- Installing: /home/upm/ros2_ws/src/install/msgs_control/share/msgs_control/environment/library_path.dsv
[4.793s] -- Installing: /home/upm/ros2_ws/src/install/msgs_control/lib/libmsgs_control__rosidl_generator_c.so
[4.793s] -- Set runtime path of "/home/upm/ros2_ws/src/install/msgs_control/lib/libmsgs_control__rosidl_generator_c.so" to ""
[4.793s] -- Up-to-date: /home/upm/ros2_ws/src/install/msgs_control/include/msgs_control/msgs_control
[4.793s] -- Up-to-date: /home/upm/ros2_ws/src/install/msgs_control/include/msgs_control/msgs_control/msg
[4.793s] -- Installing: /home/upm/ros2_ws/src/install/msgs_control/include/msgs_control/msgs_control/msg/rosidl_typesupport_fastrtps_c__visibility_control.h
[4.793s] -- Up-to-date: /home/upm/ros2_ws/src/install/msgs_control/include/msgs_control/msgs_control/srv
[4.793s] -- Up-to-date: /home/upm/ros2_ws/src/install/msgs_control/include/msgs_control/msgs_control/srv/detail
[4.793s] -- Installing: /home/upm/ros2_ws/src/install/msgs_control/include/msgs_control/msgs_control/srv/detail/sim_pid__rosidl_typesupport_fastrtps_c.h
[4.793s] -- Installing: /home/upm/ros2_ws/src/install/msgs_control/lib/libmsgs_control__rosidl_typesupport_fastrtps_c.so
[4.793s] -- Set runtime path of "/home/upm/ros2_ws/src/install/msgs_control/lib/libmsgs_control__rosidl_typesupport_fastrtps_c.so" to ""
[4.793s] -- Up-to-date: /home/upm/ros2_ws/src/install/msgs_control/include/msgs_control/msgs_control
[4.793s] -- Up-to-date: /home/upm/ros2_ws/src/install/msgs_control/include/msgs_control/msgs_control/msg
[4.793s] -- Installing: /home/upm/ros2_ws/src/install/msgs_control/include/msgs_control/msgs_control/msg/rosidl_typesupport_introspection_c__visibility_control.h
[4.793s] -- Up-to-date: /home/upm/ros2_ws/src/install/msgs_control/include/msgs_control/msgs_control/srv
[4.794s] -- Up-to-date: /home/upm/ros2_ws/src/install/msgs_control/include/msgs_control/msgs_control/srv/detail
[4.794s] -- Installing: /home/upm/ros2_ws/src/install/msgs_control/include/msgs_control/msgs_control/srv/detail/sim_pid__rosidl_typesupport_introspection_c.h
[4.794s] -- Installing: /home/upm/ros2_ws/src/install/msgs_control/include/msgs_control/msgs_control/srv/detail/sim_pid__type_support.c
[4.794s] -- Installing: /home/upm/ros2_ws/src/install/msgs_control/lib/libmsgs_control__rosidl_typesupport_introspection_c.so
[4.794s] -- Set runtime path of "/home/upm/ros2_ws/src/install/msgs_control/lib/libmsgs_control__rosidl_typesupport_introspection_c.so" to ""
[4.794s] -- Installing: /home/upm/ros2_ws/src/install/msgs_control/lib/libmsgs_control__rosidl_typesupport_c.so
[4.794s] -- Set runtime path of "/home/upm/ros2_ws/src/install/msgs_control/lib/libmsgs_control__rosidl_typesupport_c.so" to ""
[4.794s] -- Up-to-date: /home/upm/ros2_ws/src/install/msgs_control/include/msgs_control/msgs_control
[4.794s] -- Up-to-date: /home/upm/ros2_ws/src/install/msgs_control/include/msgs_control/msgs_control/srv
[4.794s] -- Up-to-date: /home/upm/ros2_ws/src/install/msgs_control/include/msgs_control/msgs_control/srv/detail
[4.794s] -- Installing: /home/upm/ros2_ws/src/install/msgs_control/include/msgs_control/msgs_control/srv/detail/sim_pid__builder.hpp
[4.794s] -- Installing: /home/upm/ros2_ws/src/install/msgs_control/include/msgs_control/msgs_control/srv/detail/sim_pid__traits.hpp
[4.794s] -- Installing: /home/upm/ros2_ws/src/install/msgs_control/include/msgs_control/msgs_control/srv/detail/sim_pid__struct.hpp
[4.794s] -- Installing: /home/upm/ros2_ws/src/install/msgs_control/include/msgs_control/msgs_control/srv/sim_pid.hpp
[4.794s] -- Up-to-date: /home/upm/ros2_ws/src/install/msgs_control/include/msgs_control/msgs_control
[4.794s] -- Up-to-date: /home/upm/ros2_ws/src/install/msgs_control/include/msgs_control/msgs_control/msg
[4.794s] -- Installing: /home/upm/ros2_ws/src/install/msgs_control/include/msgs_control/msgs_control/msg/rosidl_typesupport_fastrtps_cpp__visibility_control.h
[4.794s] -- Up-to-date: /home/upm/ros2_ws/src/install/msgs_control/include/msgs_control/msgs_control/srv
[4.795s] -- Up-to-date: /home/upm/ros2_ws/src/install/msgs_control/include/msgs_control/msgs_control/srv/detail
[4.795s] -- Installing: /home/upm/ros2_ws/src/install/msgs_control/include/msgs_control/msgs_control/srv/detail/dds_fastrtps
[4.795s] -- Installing: /home/upm/ros2_ws/src/install/msgs_control/include/msgs_control/msgs_control/srv/detail/sim_pid__rosidl_typesupport_fastrtps_cpp.hpp
[4.796s] -- Installing: /home/upm/ros2_ws/src/install/msgs_control/lib/libmsgs_control__rosidl_typesupport_fastrtps_cpp.so
[4.796s] -- Set runtime path of "/home/upm/ros2_ws/src/install/msgs_control/lib/libmsgs_control__rosidl_typesupport_fastrtps_cpp.so" to ""
[4.796s] -- Up-to-date: /home/upm/ros2_ws/src/install/msgs_control/include/msgs_control/msgs_control
[4.796s] -- Up-to-date: /home/upm/ros2_ws/src/install/msgs_control/include/msgs_control/msgs_control/srv
[4.796s] -- Up-to-date: /home/upm/ros2_ws/src/install/msgs_control/include/msgs_control/msgs_control/srv/detail
[4.796s] -- Installing: /home/upm/ros2_ws/src/install/msgs_control/include/msgs_control/msgs_control/srv/detail/sim_pid__rosidl_typesupport_introspection_cpp.hpp
[4.796s] -- Installing: /home/upm/ros2_ws/src/install/msgs_control/include/msgs_control/msgs_control/srv/detail/sim_pid__type_support.cpp
[4.796s] -- Installing: /home/upm/ros2_ws/src/install/msgs_control/lib/libmsgs_control__rosidl_typesupport_introspection_cpp.so
[4.796s] -- Set runtime path of "/home/upm/ros2_ws/src/install/msgs_control/lib/libmsgs_control__rosidl_typesupport_introspection_cpp.so" to ""
[4.796s] -- Installing: /home/upm/ros2_ws/src/install/msgs_control/lib/libmsgs_control__rosidl_typesupport_cpp.so
[4.796s] -- Set runtime path of "/home/upm/ros2_ws/src/install/msgs_control/lib/libmsgs_control__rosidl_typesupport_cpp.so" to ""
[4.796s] -- Installing: /home/upm/ros2_ws/src/install/msgs_control/share/msgs_control/environment/pythonpath.sh
[4.796s] -- Installing: /home/upm/ros2_ws/src/install/msgs_control/share/msgs_control/environment/pythonpath.dsv
[4.796s] -- Installing: /home/upm/ros2_ws/src/install/msgs_control/local/lib/python3.10/dist-packages/msgs_control-0.0.0-py3.10.egg-info
[4.796s] -- Installing: /home/upm/ros2_ws/src/install/msgs_control/local/lib/python3.10/dist-packages/msgs_control-0.0.0-py3.10.egg-info/SOURCES.txt
[4.796s] -- Installing: /home/upm/ros2_ws/src/install/msgs_control/local/lib/python3.10/dist-packages/msgs_control-0.0.0-py3.10.egg-info/top_level.txt
[4.798s] -- Installing: /home/upm/ros2_ws/src/install/msgs_control/local/lib/python3.10/dist-packages/msgs_control-0.0.0-py3.10.egg-info/dependency_links.txt
[4.798s] -- Installing: /home/upm/ros2_ws/src/install/msgs_control/local/lib/python3.10/dist-packages/msgs_control-0.0.0-py3.10.egg-info/PKG-INFO
[4.798s] -- Installing: /home/upm/ros2_ws/src/install/msgs_control/local/lib/python3.10/dist-packages/msgs_control
[4.798s] -- Installing: /home/upm/ros2_ws/src/install/msgs_control/local/lib/python3.10/dist-packages/msgs_control/msgs_control_s__rosidl_typesupport_fastrtps_c.cpython-310-x86_64-linux-gnu.so
[4.798s] -- Installing: /home/upm/ros2_ws/src/install/msgs_control/local/lib/python3.10/dist-packages/msgs_control/msgs_control_s__rosidl_typesupport_c.cpython-310-x86_64-linux-gnu.so
[4.798s] -- Installing: /home/upm/ros2_ws/src/install/msgs_control/local/lib/python3.10/dist-packages/msgs_control/_msgs_control_s.ep.rosidl_typesupport_introspection_c.c
[4.798s] -- Installing: /home/upm/ros2_ws/src/install/msgs_control/local/lib/python3.10/dist-packages/msgs_control/msgs_control_s__rosidl_typesupport_introspection_c.cpython-310-x86_64-linux-gnu.so
[4.798s] -- Installing: /home/upm/ros2_ws/src/install/msgs_control/local/lib/python3.10/dist-packages/msgs_control/_msgs_control_s.ep.rosidl_typesupport_fastrtps_c.c
[4.798s] -- Installing: /home/upm/ros2_ws/src/install/msgs_control/local/lib/python3.10/dist-packages/msgs_control/libmsgs_control__rosidl_generator_py.so
[4.798s] -- Installing: /home/upm/ros2_ws/src/install/msgs_control/local/lib/python3.10/dist-packages/msgs_control/_msgs_control_s.ep.rosidl_typesupport_c.c
[4.798s] -- Installing: /home/upm/ros2_ws/src/install/msgs_control/local/lib/python3.10/dist-packages/msgs_control/srv
[4.798s] -- Installing: /home/upm/ros2_ws/src/install/msgs_control/local/lib/python3.10/dist-packages/msgs_control/srv/_sim_pid_s.c
[4.798s] -- Installing: /home/upm/ros2_ws/src/install/msgs_control/local/lib/python3.10/dist-packages/msgs_control/srv/_sim_pid.py
[4.798s] -- Installing: /home/upm/ros2_ws/src/install/msgs_control/local/lib/python3.10/dist-packages/msgs_control/srv/__init__.py
[4.798s] -- Installing: /home/upm/ros2_ws/src/install/msgs_control/local/lib/python3.10/dist-packages/msgs_control/__init__.py
[4.832s] Listing '/home/upm/ros2_ws/src/install/msgs_control/local/lib/python3.10/dist-packages/msgs_control'...
[4.832s] Compiling '/home/upm/ros2_ws/src/install/msgs_control/local/lib/python3.10/dist-packages/msgs_control/__init__.py'...
[4.832s] Listing '/home/upm/ros2_ws/src/install/msgs_control/local/lib/python3.10/dist-packages/msgs_control/srv'...
[4.832s] Compiling '/home/upm/ros2_ws/src/install/msgs_control/local/lib/python3.10/dist-packages/msgs_control/srv/__init__.py'...
[4.833s] Compiling '/home/upm/ros2_ws/src/install/msgs_control/local/lib/python3.10/dist-packages/msgs_control/srv/_sim_pid.py'...
[4.838s] -- Installing: /home/upm/ros2_ws/src/install/msgs_control/local/lib/python3.10/dist-packages/msgs_control/msgs_control_s__rosidl_typesupport_fastrtps_c.cpython-310-x86_64-linux-gnu.so
[4.838s] -- Set runtime path of "/home/upm/ros2_ws/src/install/msgs_control/local/lib/python3.10/dist-packages/msgs_control/msgs_control_s__rosidl_typesupport_fastrtps_c.cpython-310-x86_64-linux-gnu.so" to ""
[4.838s] -- Installing: /home/upm/ros2_ws/src/install/msgs_control/local/lib/python3.10/dist-packages/msgs_control/msgs_control_s__rosidl_typesupport_introspection_c.cpython-310-x86_64-linux-gnu.so
[4.838s] -- Set runtime path of "/home/upm/ros2_ws/src/install/msgs_control/local/lib/python3.10/dist-packages/msgs_control/msgs_control_s__rosidl_typesupport_introspection_c.cpython-310-x86_64-linux-gnu.so" to ""
[4.838s] -- Installing: /home/upm/ros2_ws/src/install/msgs_control/local/lib/python3.10/dist-packages/msgs_control/msgs_control_s__rosidl_typesupport_c.cpython-310-x86_64-linux-gnu.so
[4.838s] -- Set runtime path of "/home/upm/ros2_ws/src/install/msgs_control/local/lib/python3.10/dist-packages/msgs_control/msgs_control_s__rosidl_typesupport_c.cpython-310-x86_64-linux-gnu.so" to ""
[4.839s] -- Installing: /home/upm/ros2_ws/src/install/msgs_control/lib/libmsgs_control__rosidl_generator_py.so
[4.839s] -- Set runtime path of "/home/upm/ros2_ws/src/install/msgs_control/lib/libmsgs_control__rosidl_generator_py.so" to ""
[4.839s] -- Installing: /home/upm/ros2_ws/src/install/msgs_control/share/msgs_control/srv/SimPID.idl
[4.839s] -- Installing: /home/upm/ros2_ws/src/install/msgs_control/share/msgs_control/srv/SimPID.srv
[4.839s] -- Installing: /home/upm/ros2_ws/src/install/msgs_control/share/msgs_control/srv/SimPID_Request.msg
[4.839s] -- Installing: /home/upm/ros2_ws/src/install/msgs_control/share/msgs_control/srv/SimPID_Response.msg
[4.839s] -- Installing: /home/upm/ros2_ws/src/install/msgs_control/share/ament_index/resource_index/package_run_dependencies/msgs_control
[4.839s] -- Installing: /home/upm/ros2_ws/src/install/msgs_control/share/ament_index/resource_index/parent_prefix_path/msgs_control
[4.840s] -- Installing: /home/upm/ros2_ws/src/install/msgs_control/share/msgs_control/environment/ament_prefix_path.sh
[4.840s] -- Installing: /home/upm/ros2_ws/src/install/msgs_control/share/msgs_control/environment/ament_prefix_path.dsv
[4.840s] -- Installing: /home/upm/ros2_ws/src/install/msgs_control/share/msgs_control/environment/path.sh
[4.840s] -- Installing: /home/upm/ros2_ws/src/install/msgs_control/share/msgs_control/environment/path.dsv
[4.840s] -- Installing: /home/upm/ros2_ws/src/install/msgs_control/share/msgs_control/local_setup.bash
[4.840s] -- Installing: /home/upm/ros2_ws/src/install/msgs_control/share/msgs_control/local_setup.sh
[4.840s] -- Installing: /home/upm/ros2_ws/src/install/msgs_control/share/msgs_control/local_setup.zsh
[4.841s] -- Installing: /home/upm/ros2_ws/src/install/msgs_control/share/msgs_control/local_setup.dsv
[4.841s] -- Installing: /home/upm/ros2_ws/src/install/msgs_control/share/msgs_control/package.dsv
[4.841s] -- Installing: /home/upm/ros2_ws/src/install/msgs_control/share/ament_index/resource_index/packages/msgs_control
[4.841s] -- Installing: /home/upm/ros2_ws/src/install/msgs_control/share/msgs_control/cmake/export_msgs_control__rosidl_generator_cExport.cmake
[4.841s] -- Installing: /home/upm/ros2_ws/src/install/msgs_control/share/msgs_control/cmake/export_msgs_control__rosidl_generator_cExport-noconfig.cmake
[4.841s] -- Installing: /home/upm/ros2_ws/src/install/msgs_control/share/msgs_control/cmake/export_msgs_control__rosidl_typesupport_fastrtps_cExport.cmake
[4.841s] -- Installing: /home/upm/ros2_ws/src/install/msgs_control/share/msgs_control/cmake/export_msgs_control__rosidl_typesupport_fastrtps_cExport-noconfig.cmake
[4.841s] -- Installing: /home/upm/ros2_ws/src/install/msgs_control/share/msgs_control/cmake/msgs_control__rosidl_typesupport_introspection_cExport.cmake
[4.841s] -- Installing: /home/upm/ros2_ws/src/install/msgs_control/share/msgs_control/cmake/msgs_control__rosidl_typesupport_introspection_cExport-noconfig.cmake
[4.841s] -- Installing: /home/upm/ros2_ws/src/install/msgs_control/share/msgs_control/cmake/msgs_control__rosidl_typesupport_cExport.cmake
[4.841s] -- Installing: /home/upm/ros2_ws/src/install/msgs_control/share/msgs_control/cmake/msgs_control__rosidl_typesupport_cExport-noconfig.cmake
[4.842s] -- Installing: /home/upm/ros2_ws/src/install/msgs_control/share/msgs_control/cmake/export_msgs_control__rosidl_generator_cppExport.cmake
[4.842s] -- Installing: /home/upm/ros2_ws/src/install/msgs_control/share/msgs_control/cmake/export_msgs_control__rosidl_typesupport_fastrtps_cppExport.cmake
[4.842s] -- Installing: /home/upm/ros2_ws/src/install/msgs_control/share/msgs_control/cmake/export_msgs_control__rosidl_typesupport_fastrtps_cppExport-noconfig.cmake
[4.842s] -- Installing: /home/upm/ros2_ws/src/install/msgs_control/share/msgs_control/cmake/msgs_control__rosidl_typesupport_introspection_cppExport.cmake
[4.842s] -- Installing: /home/upm/ros2_ws/src/install/msgs_control/share/msgs_control/cmake/msgs_control__rosidl_typesupport_introspection_cppExport-noconfig.cmake
[4.842s] -- Installing: /home/upm/ros2_ws/src/install/msgs_control/share/msgs_control/cmake/msgs_control__rosidl_typesupport_cppExport.cmake
[4.842s] -- Installing: /home/upm/ros2_ws/src/install/msgs_control/share/msgs_control/cmake/msgs_control__rosidl_typesupport_cppExport-noconfig.cmake
[4.842s] -- Installing: /home/upm/ros2_ws/src/install/msgs_control/share/msgs_control/cmake/export_msgs_control__rosidl_generator_pyExport.cmake
[4.842s] -- Installing: /home/upm/ros2_ws/src/install/msgs_control/share/msgs_control/cmake/export_msgs_control__rosidl_generator_pyExport-noconfig.cmake
[4.843s] -- Installing: /home/upm/ros2_ws/src/install/msgs_control/share/msgs_control/cmake/rosidl_cmake-extras.cmake
[4.843s] -- Installing: /home/upm/ros2_ws/src/install/msgs_control/share/msgs_control/cmake/ament_cmake_export_include_directories-extras.cmake
[4.843s] -- Installing: /home/upm/ros2_ws/src/install/msgs_control/share/msgs_control/cmake/ament_cmake_export_libraries-extras.cmake
[4.843s] -- Installing: /home/upm/ros2_ws/src/install/msgs_control/share/msgs_control/cmake/ament_cmake_export_targets-extras.cmake
[4.843s] -- Installing: /home/upm/ros2_ws/src/install/msgs_control/share/msgs_control/cmake/rosidl_cmake_export_typesupport_targets-extras.cmake
[4.843s] -- Installing: /home/upm/ros2_ws/src/install/msgs_control/share/msgs_control/cmake/ament_cmake_export_dependencies-extras.cmake
[4.843s] -- Installing: /home/upm/ros2_ws/src/install/msgs_control/share/msgs_control/cmake/rosidl_cmake_export_typesupport_libraries-extras.cmake
[4.843s] -- Installing: /home/upm/ros2_ws/src/install/msgs_control/share/msgs_control/cmake/msgs_controlConfig.cmake
[4.843s] -- Installing: /home/upm/ros2_ws/src/install/msgs_control/share/msgs_control/cmake/msgs_controlConfig-version.cmake
[4.843s] -- Installing: /home/upm/ros2_ws/src/install/msgs_control/share/msgs_control/package.xml
[4.846s] Invoked command in '/home/upm/ros2_ws/src/build/msgs_control' returned '0': CMAKE_PREFIX_PATH=/opt/ros/humble /usr/bin/cmake --install /home/upm/ros2_ws/src/build/msgs_control
