/home/upm/ros2_ws/src/install/intro_pkg/lib/python3.10/site-packages/intro_pkg/nodo.py
/home/upm/ros2_ws/src/install/intro_pkg/lib/python3.10/site-packages/intro_pkg/publisher.py
/home/upm/ros2_ws/src/install/intro_pkg/lib/python3.10/site-packages/intro_pkg/client.py
/home/upm/ros2_ws/src/install/intro_pkg/lib/python3.10/site-packages/intro_pkg/server.py
/home/upm/ros2_ws/src/install/intro_pkg/lib/python3.10/site-packages/intro_pkg/subscriber.py
/home/upm/ros2_ws/src/install/intro_pkg/lib/python3.10/site-packages/intro_pkg/__init__.py
/home/upm/ros2_ws/src/install/intro_pkg/lib/python3.10/site-packages/intro_pkg/__pycache__/nodo.cpython-310.pyc
/home/upm/ros2_ws/src/install/intro_pkg/lib/python3.10/site-packages/intro_pkg/__pycache__/publisher.cpython-310.pyc
/home/upm/ros2_ws/src/install/intro_pkg/lib/python3.10/site-packages/intro_pkg/__pycache__/client.cpython-310.pyc
/home/upm/ros2_ws/src/install/intro_pkg/lib/python3.10/site-packages/intro_pkg/__pycache__/server.cpython-310.pyc
/home/upm/ros2_ws/src/install/intro_pkg/lib/python3.10/site-packages/intro_pkg/__pycache__/subscriber.cpython-310.pyc
/home/upm/ros2_ws/src/install/intro_pkg/lib/python3.10/site-packages/intro_pkg/__pycache__/__init__.cpython-310.pyc
/home/upm/ros2_ws/src/install/intro_pkg/share/ament_index/resource_index/packages/intro_pkg
/home/upm/ros2_ws/src/install/intro_pkg/share/intro_pkg/package.xml
/home/upm/ros2_ws/src/install/intro_pkg/share/intro_pkg/launch/launcher_launch.py
/home/upm/ros2_ws/src/install/intro_pkg/lib/python3.10/site-packages/intro_pkg-0.0.0-py3.10.egg-info/zip-safe
/home/upm/ros2_ws/src/install/intro_pkg/lib/python3.10/site-packages/intro_pkg-0.0.0-py3.10.egg-info/requires.txt
/home/upm/ros2_ws/src/install/intro_pkg/lib/python3.10/site-packages/intro_pkg-0.0.0-py3.10.egg-info/SOURCES.txt
/home/upm/ros2_ws/src/install/intro_pkg/lib/python3.10/site-packages/intro_pkg-0.0.0-py3.10.egg-info/top_level.txt
/home/upm/ros2_ws/src/install/intro_pkg/lib/python3.10/site-packages/intro_pkg-0.0.0-py3.10.egg-info/entry_points.txt
/home/upm/ros2_ws/src/install/intro_pkg/lib/python3.10/site-packages/intro_pkg-0.0.0-py3.10.egg-info/dependency_links.txt
/home/upm/ros2_ws/src/install/intro_pkg/lib/python3.10/site-packages/intro_pkg-0.0.0-py3.10.egg-info/PKG-INFO
/home/upm/ros2_ws/src/install/intro_pkg/lib/intro_pkg/client
/home/upm/ros2_ws/src/install/intro_pkg/lib/intro_pkg/first_node
/home/upm/ros2_ws/src/install/intro_pkg/lib/intro_pkg/publisher
/home/upm/ros2_ws/src/install/intro_pkg/lib/intro_pkg/server
/home/upm/ros2_ws/src/install/intro_pkg/lib/intro_pkg/subscriber
