[0.531s] Invoking command in '/home/upm/ros2_ws/src/build/sensor_interfaces': CMAKE_PREFIX_PATH=/opt/ros/humble /usr/bin/cmake /home/upm/ros2_ws/src/sensor_interfaces -DCMAKE_INSTALL_PREFIX=/home/upm/ros2_ws/src/install/sensor_interfaces
[0.714s] -- The C compiler identification is GNU 11.4.0
[0.841s] -- The CXX compiler identification is GNU 11.4.0
[0.858s] -- Detecting C compiler ABI info
[0.936s] -- Detecting C compiler ABI info - done
[0.944s] -- Check for working C compiler: /usr/bin/cc - skipped
[0.944s] -- Detecting C compile features
[0.944s] -- Detecting C compile features - done
[0.950s] -- Detecting CXX compiler ABI info
[1.037s] -- Detecting CXX compiler ABI info - done
[1.044s] -- Check for working CXX compiler: /usr/bin/c++ - skipped
[1.044s] -- Detecting CXX compile features
[1.046s] -- Detecting CXX compile features - done
[1.048s] -- Found ament_cmake: 1.3.10 (/opt/ros/humble/share/ament_cmake/cmake)
[1.202s] -- Found Python3: /usr/bin/python3 (found version "3.10.12") found components: Interpreter 
[1.300s] -- Found rosidl_default_generators: 1.2.0 (/opt/ros/humble/share/rosidl_default_generators/cmake)
[1.304s] -- Using all available rosidl_typesupport_c: rosidl_typesupport_fastrtps_c;rosidl_typesupport_introspection_c
[1.314s] -- Found rosidl_adapter: 3.1.5 (/opt/ros/humble/share/rosidl_adapter/cmake)
[1.360s] -- Using all available rosidl_typesupport_cpp: rosidl_typesupport_fastrtps_cpp;rosidl_typesupport_introspection_cpp
[1.400s] -- Found ament_lint_auto: 0.12.11 (/opt/ros/humble/share/ament_lint_auto/cmake)
[1.654s] -- Found ament_cmake_ros: 0.10.0 (/opt/ros/humble/share/ament_cmake_ros/cmake)
[1.814s] -- Using all available rosidl_typesupport_c: rosidl_typesupport_fastrtps_c;rosidl_typesupport_introspection_c
[2.019s] -- Using all available rosidl_typesupport_cpp: rosidl_typesupport_fastrtps_cpp;rosidl_typesupport_introspection_cpp
[2.038s] -- Found PythonInterp: /usr/bin/python3 (found suitable version "3.10.12", minimum required is "3.6") 
[2.039s] -- Found python_cmake_module: 0.10.0 (/opt/ros/humble/share/python_cmake_module/cmake)
[2.063s] -- Found PythonLibs: /usr/lib/x86_64-linux-gnu/libpython3.10.so (found suitable version "3.10.12", minimum required is "3.5") 
[2.063s] -- Using PYTHON_EXECUTABLE: /usr/bin/python3
[2.063s] -- Using PYTHON_INCLUDE_DIRS: /usr/include/python3.10
[2.063s] -- Using PYTHON_LIBRARIES: /usr/lib/x86_64-linux-gnu/libpython3.10.so
[2.083s] -- Found PythonExtra: .so  
[2.115s] -- Added test 'lint_cmake' to check CMake code style
[2.116s] -- Added test 'xmllint' to check XML markup files
[2.125s] -- Configuring done
[2.151s] -- Generating done
[2.154s] -- Build files have been written to: /home/upm/ros2_ws/src/build/sensor_interfaces
[2.165s] Invoked command in '/home/upm/ros2_ws/src/build/sensor_interfaces' returned '0': CMAKE_PREFIX_PATH=/opt/ros/humble /usr/bin/cmake /home/upm/ros2_ws/src/sensor_interfaces -DCMAKE_INSTALL_PREFIX=/home/upm/ros2_ws/src/install/sensor_interfaces
[2.165s] Invoking command in '/home/upm/ros2_ws/src/build/sensor_interfaces': CMAKE_PREFIX_PATH=/opt/ros/humble /usr/bin/cmake --build /home/upm/ros2_ws/src/build/sensor_interfaces -- -j6 -l6
[2.204s] [  2%] [34m[1mGenerating C code for ROS interfaces[0m
[2.215s] [  5%] [34m[1mGenerating C++ code for ROS interfaces[0m
[2.226s] [  5%] Built target ament_cmake_python_copy_sensor_interfaces
[2.475s] running egg_info
[2.476s] creating sensor_interfaces.egg-info
[2.476s] writing sensor_interfaces.egg-info/PKG-INFO
[2.476s] writing dependency_links to sensor_interfaces.egg-info/dependency_links.txt
[2.477s] writing top-level names to sensor_interfaces.egg-info/top_level.txt
[2.477s] writing manifest file 'sensor_interfaces.egg-info/SOURCES.txt'
[2.479s] reading manifest file 'sensor_interfaces.egg-info/SOURCES.txt'
[2.480s] writing manifest file 'sensor_interfaces.egg-info/SOURCES.txt'
[2.508s] [  5%] Built target ament_cmake_python_build_sensor_interfaces_egg
[2.528s] [  5%] Built target sensor_interfaces__cpp
[2.542s] [  7%] [34m[1mGenerating C++ type support for eProsima Fast-RTPS[0m
[2.543s] [ 10%] [34m[1mGenerating C++ type support dispatch for ROS interfaces[0m
[2.549s] [ 12%] [34m[1mGenerating C++ introspection for ROS interfaces[0m
[2.568s] [ 15%] [32mBuilding C object CMakeFiles/sensor_interfaces__rosidl_generator_c.dir/rosidl_generator_c/sensor_interfaces/msg/detail/pid__functions.c.o[0m
[2.569s] [ 17%] [32mBuilding C object CMakeFiles/sensor_interfaces__rosidl_generator_c.dir/rosidl_generator_c/sensor_interfaces/srv/detail/pid__functions.c.o[0m
[2.682s] [ 20%] [32m[1mLinking C shared library libsensor_interfaces__rosidl_generator_c.so[0m
[2.751s] [ 20%] Built target sensor_interfaces__rosidl_generator_c
[2.772s] [ 23%] [34m[1mGenerating C type support for eProsima Fast-RTPS[0m
[2.775s] [ 25%] [34m[1mGenerating C introspection for ROS interfaces[0m
[2.775s] [ 28%] [34m[1mGenerating C type support dispatch for ROS interfaces[0m
[2.950s] [ 30%] [32mBuilding CXX object CMakeFiles/sensor_interfaces__rosidl_typesupport_cpp.dir/rosidl_typesupport_cpp/sensor_interfaces/msg/pid__type_support.cpp.o[0m
[2.952s] [ 33%] [32mBuilding CXX object CMakeFiles/sensor_interfaces__rosidl_typesupport_fastrtps_cpp.dir/rosidl_typesupport_fastrtps_cpp/sensor_interfaces/msg/detail/dds_fastrtps/pid__type_support.cpp.o[0m
[3.017s] [ 35%] [32mBuilding CXX object CMakeFiles/sensor_interfaces__rosidl_typesupport_introspection_cpp.dir/rosidl_typesupport_introspection_cpp/sensor_interfaces/msg/detail/pid__type_support.cpp.o[0m
[3.275s] [ 38%] [32mBuilding CXX object CMakeFiles/sensor_interfaces__rosidl_typesupport_c.dir/rosidl_typesupport_c/sensor_interfaces/msg/pid__type_support.cpp.o[0m
[3.363s] [ 41%] [32mBuilding CXX object CMakeFiles/sensor_interfaces__rosidl_typesupport_c.dir/rosidl_typesupport_c/sensor_interfaces/srv/pid__type_support.cpp.o[0m
[3.377s] [ 43%] [32mBuilding C object CMakeFiles/sensor_interfaces__rosidl_typesupport_introspection_c.dir/rosidl_typesupport_introspection_c/sensor_interfaces/msg/detail/pid__type_support.c.o[0m
[3.416s] [ 46%] [32m[1mLinking CXX shared library libsensor_interfaces__rosidl_typesupport_c.so[0m
[3.421s] [ 48%] [32mBuilding CXX object CMakeFiles/sensor_interfaces__rosidl_typesupport_fastrtps_c.dir/rosidl_typesupport_fastrtps_c/sensor_interfaces/msg/detail/pid__type_support_c.cpp.o[0m
[3.421s] [ 51%] [32mBuilding C object CMakeFiles/sensor_interfaces__rosidl_typesupport_introspection_c.dir/rosidl_typesupport_introspection_c/sensor_interfaces/srv/detail/pid__type_support.c.o[0m
[3.494s] [ 53%] [32m[1mLinking C shared library libsensor_interfaces__rosidl_typesupport_introspection_c.so[0m
[3.494s] [ 53%] Built target sensor_interfaces__rosidl_typesupport_c
[3.509s] [ 56%] [32mBuilding CXX object CMakeFiles/sensor_interfaces__rosidl_typesupport_cpp.dir/rosidl_typesupport_cpp/sensor_interfaces/srv/pid__type_support.cpp.o[0m
[3.516s] [ 58%] [32mBuilding CXX object CMakeFiles/sensor_interfaces__rosidl_typesupport_fastrtps_cpp.dir/rosidl_typesupport_fastrtps_cpp/sensor_interfaces/srv/detail/dds_fastrtps/pid__type_support.cpp.o[0m
[3.545s] [ 58%] Built target sensor_interfaces__rosidl_typesupport_introspection_c
[3.554s] [ 61%] [32mBuilding CXX object CMakeFiles/sensor_interfaces__rosidl_typesupport_introspection_cpp.dir/rosidl_typesupport_introspection_cpp/sensor_interfaces/srv/detail/pid__type_support.cpp.o[0m
[3.665s] [ 64%] [32mBuilding CXX object CMakeFiles/sensor_interfaces__rosidl_typesupport_fastrtps_c.dir/rosidl_typesupport_fastrtps_c/sensor_interfaces/srv/detail/pid__type_support_c.cpp.o[0m
[3.769s] [ 66%] [32m[1mLinking CXX shared library libsensor_interfaces__rosidl_typesupport_cpp.so[0m
[3.809s] [ 66%] Built target sensor_interfaces__rosidl_typesupport_cpp
[3.943s] [ 69%] [32m[1mLinking CXX shared library libsensor_interfaces__rosidl_typesupport_introspection_cpp.so[0m
[3.964s] [ 71%] [32m[1mLinking CXX shared library libsensor_interfaces__rosidl_typesupport_fastrtps_cpp.so[0m
[3.982s] [ 71%] Built target sensor_interfaces__rosidl_typesupport_introspection_cpp
[4.015s] [ 74%] [32m[1mLinking CXX shared library libsensor_interfaces__rosidl_typesupport_fastrtps_c.so[0m
[4.034s] [ 74%] Built target sensor_interfaces__rosidl_typesupport_fastrtps_cpp
[4.091s] [ 74%] Built target sensor_interfaces__rosidl_typesupport_fastrtps_c
[4.110s] [ 74%] Built target sensor_interfaces
[4.130s] [ 76%] [34m[1mGenerating Python code for ROS interfaces[0m
[4.535s] [ 76%] Built target sensor_interfaces__py
[4.554s] [ 79%] [32mBuilding C object CMakeFiles/sensor_interfaces__rosidl_generator_py.dir/rosidl_generator_py/sensor_interfaces/msg/_pid_s.c.o[0m
[4.554s] [ 82%] [32mBuilding C object CMakeFiles/sensor_interfaces__rosidl_generator_py.dir/rosidl_generator_py/sensor_interfaces/srv/_pid_s.c.o[0m
[4.652s] [ 84%] [32m[1mLinking C shared library rosidl_generator_py/sensor_interfaces/libsensor_interfaces__rosidl_generator_py.so[0m
[4.689s] [ 84%] Built target sensor_interfaces__rosidl_generator_py
[4.708s] [ 87%] [32mBuilding C object CMakeFiles/sensor_interfaces__rosidl_typesupport_fastrtps_c__pyext.dir/rosidl_generator_py/sensor_interfaces/_sensor_interfaces_s.ep.rosidl_typesupport_fastrtps_c.c.o[0m
[4.709s] [ 89%] [32mBuilding C object CMakeFiles/sensor_interfaces__rosidl_typesupport_introspection_c__pyext.dir/rosidl_generator_py/sensor_interfaces/_sensor_interfaces_s.ep.rosidl_typesupport_introspection_c.c.o[0m
[4.709s] [ 92%] [32mBuilding C object CMakeFiles/sensor_interfaces__rosidl_typesupport_c__pyext.dir/rosidl_generator_py/sensor_interfaces/_sensor_interfaces_s.ep.rosidl_typesupport_c.c.o[0m
[4.800s] [ 94%] [32m[1mLinking C shared library rosidl_generator_py/sensor_interfaces/sensor_interfaces_s__rosidl_typesupport_introspection_c.cpython-310-x86_64-linux-gnu.so[0m
[4.803s] [ 97%] [32m[1mLinking C shared library rosidl_generator_py/sensor_interfaces/sensor_interfaces_s__rosidl_typesupport_fastrtps_c.cpython-310-x86_64-linux-gnu.so[0m
[4.803s] [100%] [32m[1mLinking C shared library rosidl_generator_py/sensor_interfaces/sensor_interfaces_s__rosidl_typesupport_c.cpython-310-x86_64-linux-gnu.so[0m
[4.832s] [100%] Built target sensor_interfaces__rosidl_typesupport_introspection_c__pyext
[4.836s] [100%] Built target sensor_interfaces__rosidl_typesupport_fastrtps_c__pyext
[4.837s] [100%] Built target sensor_interfaces__rosidl_typesupport_c__pyext
[4.853s] Invoked command in '/home/upm/ros2_ws/src/build/sensor_interfaces' returned '0': CMAKE_PREFIX_PATH=/opt/ros/humble /usr/bin/cmake --build /home/upm/ros2_ws/src/build/sensor_interfaces -- -j6 -l6
[4.930s] Invoking command in '/home/upm/ros2_ws/src/build/sensor_interfaces': CMAKE_PREFIX_PATH=/opt/ros/humble /usr/bin/cmake --install /home/upm/ros2_ws/src/build/sensor_interfaces
[4.937s] -- Install configuration: ""
[4.937s] -- Installing: /home/upm/ros2_ws/src/install/sensor_interfaces/share/ament_index/resource_index/rosidl_interfaces/sensor_interfaces
[4.937s] -- Installing: /home/upm/ros2_ws/src/install/sensor_interfaces/include/sensor_interfaces/sensor_interfaces
[4.937s] -- Installing: /home/upm/ros2_ws/src/install/sensor_interfaces/include/sensor_interfaces/sensor_interfaces/msg
[4.937s] -- Installing: /home/upm/ros2_ws/src/install/sensor_interfaces/include/sensor_interfaces/sensor_interfaces/msg/pid.h
[4.937s] -- Installing: /home/upm/ros2_ws/src/install/sensor_interfaces/include/sensor_interfaces/sensor_interfaces/msg/rosidl_generator_c__visibility_control.h
[4.937s] -- Installing: /home/upm/ros2_ws/src/install/sensor_interfaces/include/sensor_interfaces/sensor_interfaces/msg/detail
[4.937s] -- Installing: /home/upm/ros2_ws/src/install/sensor_interfaces/include/sensor_interfaces/sensor_interfaces/msg/detail/pid__struct.h
[4.938s] -- Installing: /home/upm/ros2_ws/src/install/sensor_interfaces/include/sensor_interfaces/sensor_interfaces/msg/detail/pid__type_support.h
[4.938s] -- Installing: /home/upm/ros2_ws/src/install/sensor_interfaces/include/sensor_interfaces/sensor_interfaces/msg/detail/pid__functions.h
[4.938s] -- Installing: /home/upm/ros2_ws/src/install/sensor_interfaces/include/sensor_interfaces/sensor_interfaces/msg/detail/pid__functions.c
[4.938s] -- Installing: /home/upm/ros2_ws/src/install/sensor_interfaces/include/sensor_interfaces/sensor_interfaces/srv
[4.938s] -- Installing: /home/upm/ros2_ws/src/install/sensor_interfaces/include/sensor_interfaces/sensor_interfaces/srv/pid.h
[4.938s] -- Installing: /home/upm/ros2_ws/src/install/sensor_interfaces/include/sensor_interfaces/sensor_interfaces/srv/detail
[4.938s] -- Installing: /home/upm/ros2_ws/src/install/sensor_interfaces/include/sensor_interfaces/sensor_interfaces/srv/detail/pid__struct.h
[4.938s] -- Installing: /home/upm/ros2_ws/src/install/sensor_interfaces/include/sensor_interfaces/sensor_interfaces/srv/detail/pid__type_support.h
[4.938s] -- Installing: /home/upm/ros2_ws/src/install/sensor_interfaces/include/sensor_interfaces/sensor_interfaces/srv/detail/pid__functions.h
[4.938s] -- Installing: /home/upm/ros2_ws/src/install/sensor_interfaces/include/sensor_interfaces/sensor_interfaces/srv/detail/pid__functions.c
[4.938s] -- Installing: /home/upm/ros2_ws/src/install/sensor_interfaces/share/sensor_interfaces/environment/library_path.sh
[4.938s] -- Installing: /home/upm/ros2_ws/src/install/sensor_interfaces/share/sensor_interfaces/environment/library_path.dsv
[4.939s] -- Installing: /home/upm/ros2_ws/src/install/sensor_interfaces/lib/libsensor_interfaces__rosidl_generator_c.so
[4.939s] -- Set runtime path of "/home/upm/ros2_ws/src/install/sensor_interfaces/lib/libsensor_interfaces__rosidl_generator_c.so" to ""
[4.939s] -- Up-to-date: /home/upm/ros2_ws/src/install/sensor_interfaces/include/sensor_interfaces/sensor_interfaces
[4.939s] -- Up-to-date: /home/upm/ros2_ws/src/install/sensor_interfaces/include/sensor_interfaces/sensor_interfaces/msg
[4.939s] -- Installing: /home/upm/ros2_ws/src/install/sensor_interfaces/include/sensor_interfaces/sensor_interfaces/msg/rosidl_typesupport_fastrtps_c__visibility_control.h
[4.939s] -- Up-to-date: /home/upm/ros2_ws/src/install/sensor_interfaces/include/sensor_interfaces/sensor_interfaces/msg/detail
[4.939s] -- Installing: /home/upm/ros2_ws/src/install/sensor_interfaces/include/sensor_interfaces/sensor_interfaces/msg/detail/pid__rosidl_typesupport_fastrtps_c.h
[4.939s] -- Up-to-date: /home/upm/ros2_ws/src/install/sensor_interfaces/include/sensor_interfaces/sensor_interfaces/srv
[4.939s] -- Up-to-date: /home/upm/ros2_ws/src/install/sensor_interfaces/include/sensor_interfaces/sensor_interfaces/srv/detail
[4.939s] -- Installing: /home/upm/ros2_ws/src/install/sensor_interfaces/include/sensor_interfaces/sensor_interfaces/srv/detail/pid__rosidl_typesupport_fastrtps_c.h
[4.939s] -- Installing: /home/upm/ros2_ws/src/install/sensor_interfaces/lib/libsensor_interfaces__rosidl_typesupport_fastrtps_c.so
[4.940s] -- Set runtime path of "/home/upm/ros2_ws/src/install/sensor_interfaces/lib/libsensor_interfaces__rosidl_typesupport_fastrtps_c.so" to ""
[4.940s] -- Up-to-date: /home/upm/ros2_ws/src/install/sensor_interfaces/include/sensor_interfaces/sensor_interfaces
[4.940s] -- Up-to-date: /home/upm/ros2_ws/src/install/sensor_interfaces/include/sensor_interfaces/sensor_interfaces/msg
[4.940s] -- Up-to-date: /home/upm/ros2_ws/src/install/sensor_interfaces/include/sensor_interfaces/sensor_interfaces/msg/detail
[4.940s] -- Installing: /home/upm/ros2_ws/src/install/sensor_interfaces/include/sensor_interfaces/sensor_interfaces/msg/detail/pid__type_support.c
[4.940s] -- Installing: /home/upm/ros2_ws/src/install/sensor_interfaces/include/sensor_interfaces/sensor_interfaces/msg/detail/pid__rosidl_typesupport_introspection_c.h
[4.940s] -- Installing: /home/upm/ros2_ws/src/install/sensor_interfaces/include/sensor_interfaces/sensor_interfaces/msg/rosidl_typesupport_introspection_c__visibility_control.h
[4.940s] -- Up-to-date: /home/upm/ros2_ws/src/install/sensor_interfaces/include/sensor_interfaces/sensor_interfaces/srv
[4.940s] -- Up-to-date: /home/upm/ros2_ws/src/install/sensor_interfaces/include/sensor_interfaces/sensor_interfaces/srv/detail
[4.940s] -- Installing: /home/upm/ros2_ws/src/install/sensor_interfaces/include/sensor_interfaces/sensor_interfaces/srv/detail/pid__type_support.c
[4.940s] -- Installing: /home/upm/ros2_ws/src/install/sensor_interfaces/include/sensor_interfaces/sensor_interfaces/srv/detail/pid__rosidl_typesupport_introspection_c.h
[4.940s] -- Installing: /home/upm/ros2_ws/src/install/sensor_interfaces/lib/libsensor_interfaces__rosidl_typesupport_introspection_c.so
[4.940s] -- Set runtime path of "/home/upm/ros2_ws/src/install/sensor_interfaces/lib/libsensor_interfaces__rosidl_typesupport_introspection_c.so" to ""
[4.941s] -- Installing: /home/upm/ros2_ws/src/install/sensor_interfaces/lib/libsensor_interfaces__rosidl_typesupport_c.so
[4.941s] -- Set runtime path of "/home/upm/ros2_ws/src/install/sensor_interfaces/lib/libsensor_interfaces__rosidl_typesupport_c.so" to ""
[4.941s] -- Up-to-date: /home/upm/ros2_ws/src/install/sensor_interfaces/include/sensor_interfaces/sensor_interfaces
[4.941s] -- Up-to-date: /home/upm/ros2_ws/src/install/sensor_interfaces/include/sensor_interfaces/sensor_interfaces/msg
[4.941s] -- Up-to-date: /home/upm/ros2_ws/src/install/sensor_interfaces/include/sensor_interfaces/sensor_interfaces/msg/detail
[4.941s] -- Installing: /home/upm/ros2_ws/src/install/sensor_interfaces/include/sensor_interfaces/sensor_interfaces/msg/detail/pid__struct.hpp
[4.941s] -- Installing: /home/upm/ros2_ws/src/install/sensor_interfaces/include/sensor_interfaces/sensor_interfaces/msg/detail/pid__builder.hpp
[4.941s] -- Installing: /home/upm/ros2_ws/src/install/sensor_interfaces/include/sensor_interfaces/sensor_interfaces/msg/detail/pid__traits.hpp
[4.941s] -- Installing: /home/upm/ros2_ws/src/install/sensor_interfaces/include/sensor_interfaces/sensor_interfaces/msg/pid.hpp
[4.941s] -- Up-to-date: /home/upm/ros2_ws/src/install/sensor_interfaces/include/sensor_interfaces/sensor_interfaces/srv
[4.941s] -- Up-to-date: /home/upm/ros2_ws/src/install/sensor_interfaces/include/sensor_interfaces/sensor_interfaces/srv/detail
[4.941s] -- Installing: /home/upm/ros2_ws/src/install/sensor_interfaces/include/sensor_interfaces/sensor_interfaces/srv/detail/pid__struct.hpp
[4.941s] -- Installing: /home/upm/ros2_ws/src/install/sensor_interfaces/include/sensor_interfaces/sensor_interfaces/srv/detail/pid__builder.hpp
[4.941s] -- Installing: /home/upm/ros2_ws/src/install/sensor_interfaces/include/sensor_interfaces/sensor_interfaces/srv/detail/pid__traits.hpp
[4.942s] -- Installing: /home/upm/ros2_ws/src/install/sensor_interfaces/include/sensor_interfaces/sensor_interfaces/srv/pid.hpp
[4.942s] -- Up-to-date: /home/upm/ros2_ws/src/install/sensor_interfaces/include/sensor_interfaces/sensor_interfaces
[4.942s] -- Up-to-date: /home/upm/ros2_ws/src/install/sensor_interfaces/include/sensor_interfaces/sensor_interfaces/msg
[4.942s] -- Up-to-date: /home/upm/ros2_ws/src/install/sensor_interfaces/include/sensor_interfaces/sensor_interfaces/msg/detail
[4.942s] -- Installing: /home/upm/ros2_ws/src/install/sensor_interfaces/include/sensor_interfaces/sensor_interfaces/msg/detail/pid__rosidl_typesupport_fastrtps_cpp.hpp
[4.942s] -- Installing: /home/upm/ros2_ws/src/install/sensor_interfaces/include/sensor_interfaces/sensor_interfaces/msg/detail/dds_fastrtps
[4.942s] -- Installing: /home/upm/ros2_ws/src/install/sensor_interfaces/include/sensor_interfaces/sensor_interfaces/msg/rosidl_typesupport_fastrtps_cpp__visibility_control.h
[4.942s] -- Up-to-date: /home/upm/ros2_ws/src/install/sensor_interfaces/include/sensor_interfaces/sensor_interfaces/srv
[4.942s] -- Up-to-date: /home/upm/ros2_ws/src/install/sensor_interfaces/include/sensor_interfaces/sensor_interfaces/srv/detail
[4.942s] -- Installing: /home/upm/ros2_ws/src/install/sensor_interfaces/include/sensor_interfaces/sensor_interfaces/srv/detail/pid__rosidl_typesupport_fastrtps_cpp.hpp
[4.942s] -- Installing: /home/upm/ros2_ws/src/install/sensor_interfaces/include/sensor_interfaces/sensor_interfaces/srv/detail/dds_fastrtps
[4.942s] -- Installing: /home/upm/ros2_ws/src/install/sensor_interfaces/lib/libsensor_interfaces__rosidl_typesupport_fastrtps_cpp.so
[4.943s] -- Set runtime path of "/home/upm/ros2_ws/src/install/sensor_interfaces/lib/libsensor_interfaces__rosidl_typesupport_fastrtps_cpp.so" to ""
[4.943s] -- Up-to-date: /home/upm/ros2_ws/src/install/sensor_interfaces/include/sensor_interfaces/sensor_interfaces
[4.943s] -- Up-to-date: /home/upm/ros2_ws/src/install/sensor_interfaces/include/sensor_interfaces/sensor_interfaces/msg
[4.943s] -- Up-to-date: /home/upm/ros2_ws/src/install/sensor_interfaces/include/sensor_interfaces/sensor_interfaces/msg/detail
[4.943s] -- Installing: /home/upm/ros2_ws/src/install/sensor_interfaces/include/sensor_interfaces/sensor_interfaces/msg/detail/pid__type_support.cpp
[4.943s] -- Installing: /home/upm/ros2_ws/src/install/sensor_interfaces/include/sensor_interfaces/sensor_interfaces/msg/detail/pid__rosidl_typesupport_introspection_cpp.hpp
[4.943s] -- Up-to-date: /home/upm/ros2_ws/src/install/sensor_interfaces/include/sensor_interfaces/sensor_interfaces/srv
[4.943s] -- Up-to-date: /home/upm/ros2_ws/src/install/sensor_interfaces/include/sensor_interfaces/sensor_interfaces/srv/detail
[4.944s] -- Installing: /home/upm/ros2_ws/src/install/sensor_interfaces/include/sensor_interfaces/sensor_interfaces/srv/detail/pid__type_support.cpp
[4.944s] -- Installing: /home/upm/ros2_ws/src/install/sensor_interfaces/include/sensor_interfaces/sensor_interfaces/srv/detail/pid__rosidl_typesupport_introspection_cpp.hpp
[4.944s] -- Installing: /home/upm/ros2_ws/src/install/sensor_interfaces/lib/libsensor_interfaces__rosidl_typesupport_introspection_cpp.so
[4.944s] -- Set runtime path of "/home/upm/ros2_ws/src/install/sensor_interfaces/lib/libsensor_interfaces__rosidl_typesupport_introspection_cpp.so" to ""
[4.944s] -- Installing: /home/upm/ros2_ws/src/install/sensor_interfaces/lib/libsensor_interfaces__rosidl_typesupport_cpp.so
[4.944s] -- Set runtime path of "/home/upm/ros2_ws/src/install/sensor_interfaces/lib/libsensor_interfaces__rosidl_typesupport_cpp.so" to ""
[4.944s] -- Installing: /home/upm/ros2_ws/src/install/sensor_interfaces/share/sensor_interfaces/environment/pythonpath.sh
[4.944s] -- Installing: /home/upm/ros2_ws/src/install/sensor_interfaces/share/sensor_interfaces/environment/pythonpath.dsv
[4.944s] -- Installing: /home/upm/ros2_ws/src/install/sensor_interfaces/local/lib/python3.10/dist-packages/sensor_interfaces-0.0.0-py3.10.egg-info
[4.944s] -- Installing: /home/upm/ros2_ws/src/install/sensor_interfaces/local/lib/python3.10/dist-packages/sensor_interfaces-0.0.0-py3.10.egg-info/SOURCES.txt
[4.944s] -- Installing: /home/upm/ros2_ws/src/install/sensor_interfaces/local/lib/python3.10/dist-packages/sensor_interfaces-0.0.0-py3.10.egg-info/top_level.txt
[4.944s] -- Installing: /home/upm/ros2_ws/src/install/sensor_interfaces/local/lib/python3.10/dist-packages/sensor_interfaces-0.0.0-py3.10.egg-info/dependency_links.txt
[4.944s] -- Installing: /home/upm/ros2_ws/src/install/sensor_interfaces/local/lib/python3.10/dist-packages/sensor_interfaces-0.0.0-py3.10.egg-info/PKG-INFO
[4.945s] -- Installing: /home/upm/ros2_ws/src/install/sensor_interfaces/local/lib/python3.10/dist-packages/sensor_interfaces
[4.945s] -- Installing: /home/upm/ros2_ws/src/install/sensor_interfaces/local/lib/python3.10/dist-packages/sensor_interfaces/sensor_interfaces_s__rosidl_typesupport_introspection_c.cpython-310-x86_64-linux-gnu.so
[4.945s] -- Installing: /home/upm/ros2_ws/src/install/sensor_interfaces/local/lib/python3.10/dist-packages/sensor_interfaces/sensor_interfaces_s__rosidl_typesupport_c.cpython-310-x86_64-linux-gnu.so
[4.945s] -- Installing: /home/upm/ros2_ws/src/install/sensor_interfaces/local/lib/python3.10/dist-packages/sensor_interfaces/libsensor_interfaces__rosidl_generator_py.so
[4.945s] -- Installing: /home/upm/ros2_ws/src/install/sensor_interfaces/local/lib/python3.10/dist-packages/sensor_interfaces/sensor_interfaces_s__rosidl_typesupport_fastrtps_c.cpython-310-x86_64-linux-gnu.so
[4.945s] -- Installing: /home/upm/ros2_ws/src/install/sensor_interfaces/local/lib/python3.10/dist-packages/sensor_interfaces/_sensor_interfaces_s.ep.rosidl_typesupport_fastrtps_c.c
[4.945s] -- Installing: /home/upm/ros2_ws/src/install/sensor_interfaces/local/lib/python3.10/dist-packages/sensor_interfaces/msg
[4.945s] -- Installing: /home/upm/ros2_ws/src/install/sensor_interfaces/local/lib/python3.10/dist-packages/sensor_interfaces/msg/_pid.py
[4.945s] -- Installing: /home/upm/ros2_ws/src/install/sensor_interfaces/local/lib/python3.10/dist-packages/sensor_interfaces/msg/_pid_s.c
[4.945s] -- Installing: /home/upm/ros2_ws/src/install/sensor_interfaces/local/lib/python3.10/dist-packages/sensor_interfaces/msg/__init__.py
[4.945s] -- Installing: /home/upm/ros2_ws/src/install/sensor_interfaces/local/lib/python3.10/dist-packages/sensor_interfaces/_sensor_interfaces_s.ep.rosidl_typesupport_introspection_c.c
[4.945s] -- Installing: /home/upm/ros2_ws/src/install/sensor_interfaces/local/lib/python3.10/dist-packages/sensor_interfaces/_sensor_interfaces_s.ep.rosidl_typesupport_c.c
[4.946s] -- Installing: /home/upm/ros2_ws/src/install/sensor_interfaces/local/lib/python3.10/dist-packages/sensor_interfaces/srv
[4.946s] -- Installing: /home/upm/ros2_ws/src/install/sensor_interfaces/local/lib/python3.10/dist-packages/sensor_interfaces/srv/_pid.py
[4.946s] -- Installing: /home/upm/ros2_ws/src/install/sensor_interfaces/local/lib/python3.10/dist-packages/sensor_interfaces/srv/_pid_s.c
[4.946s] -- Installing: /home/upm/ros2_ws/src/install/sensor_interfaces/local/lib/python3.10/dist-packages/sensor_interfaces/srv/__init__.py
[4.946s] -- Installing: /home/upm/ros2_ws/src/install/sensor_interfaces/local/lib/python3.10/dist-packages/sensor_interfaces/__init__.py
[4.979s] Listing '/home/upm/ros2_ws/src/install/sensor_interfaces/local/lib/python3.10/dist-packages/sensor_interfaces'...
[4.979s] Compiling '/home/upm/ros2_ws/src/install/sensor_interfaces/local/lib/python3.10/dist-packages/sensor_interfaces/__init__.py'...
[4.979s] Listing '/home/upm/ros2_ws/src/install/sensor_interfaces/local/lib/python3.10/dist-packages/sensor_interfaces/msg'...
[4.979s] Compiling '/home/upm/ros2_ws/src/install/sensor_interfaces/local/lib/python3.10/dist-packages/sensor_interfaces/msg/__init__.py'...
[4.979s] Compiling '/home/upm/ros2_ws/src/install/sensor_interfaces/local/lib/python3.10/dist-packages/sensor_interfaces/msg/_pid.py'...
[4.979s] Listing '/home/upm/ros2_ws/src/install/sensor_interfaces/local/lib/python3.10/dist-packages/sensor_interfaces/srv'...
[4.979s] Compiling '/home/upm/ros2_ws/src/install/sensor_interfaces/local/lib/python3.10/dist-packages/sensor_interfaces/srv/__init__.py'...
[4.979s] Compiling '/home/upm/ros2_ws/src/install/sensor_interfaces/local/lib/python3.10/dist-packages/sensor_interfaces/srv/_pid.py'...
[4.982s] -- Installing: /home/upm/ros2_ws/src/install/sensor_interfaces/local/lib/python3.10/dist-packages/sensor_interfaces/sensor_interfaces_s__rosidl_typesupport_fastrtps_c.cpython-310-x86_64-linux-gnu.so
[4.982s] -- Set runtime path of "/home/upm/ros2_ws/src/install/sensor_interfaces/local/lib/python3.10/dist-packages/sensor_interfaces/sensor_interfaces_s__rosidl_typesupport_fastrtps_c.cpython-310-x86_64-linux-gnu.so" to ""
[4.983s] -- Installing: /home/upm/ros2_ws/src/install/sensor_interfaces/local/lib/python3.10/dist-packages/sensor_interfaces/sensor_interfaces_s__rosidl_typesupport_introspection_c.cpython-310-x86_64-linux-gnu.so
[4.983s] -- Set runtime path of "/home/upm/ros2_ws/src/install/sensor_interfaces/local/lib/python3.10/dist-packages/sensor_interfaces/sensor_interfaces_s__rosidl_typesupport_introspection_c.cpython-310-x86_64-linux-gnu.so" to ""
[4.983s] -- Installing: /home/upm/ros2_ws/src/install/sensor_interfaces/local/lib/python3.10/dist-packages/sensor_interfaces/sensor_interfaces_s__rosidl_typesupport_c.cpython-310-x86_64-linux-gnu.so
[4.983s] -- Set runtime path of "/home/upm/ros2_ws/src/install/sensor_interfaces/local/lib/python3.10/dist-packages/sensor_interfaces/sensor_interfaces_s__rosidl_typesupport_c.cpython-310-x86_64-linux-gnu.so" to ""
[4.984s] -- Installing: /home/upm/ros2_ws/src/install/sensor_interfaces/lib/libsensor_interfaces__rosidl_generator_py.so
[4.984s] -- Set runtime path of "/home/upm/ros2_ws/src/install/sensor_interfaces/lib/libsensor_interfaces__rosidl_generator_py.so" to ""
[4.984s] -- Installing: /home/upm/ros2_ws/src/install/sensor_interfaces/share/sensor_interfaces/msg/PID.idl
[4.984s] -- Installing: /home/upm/ros2_ws/src/install/sensor_interfaces/share/sensor_interfaces/srv/PID.idl
[4.984s] -- Installing: /home/upm/ros2_ws/src/install/sensor_interfaces/share/sensor_interfaces/msg/PID.msg
[4.984s] -- Installing: /home/upm/ros2_ws/src/install/sensor_interfaces/share/sensor_interfaces/srv/PID.srv
[4.984s] -- Installing: /home/upm/ros2_ws/src/install/sensor_interfaces/share/sensor_interfaces/srv/PID_Request.msg
[4.984s] -- Installing: /home/upm/ros2_ws/src/install/sensor_interfaces/share/sensor_interfaces/srv/PID_Response.msg
[4.984s] -- Installing: /home/upm/ros2_ws/src/install/sensor_interfaces/share/ament_index/resource_index/package_run_dependencies/sensor_interfaces
[4.984s] -- Installing: /home/upm/ros2_ws/src/install/sensor_interfaces/share/ament_index/resource_index/parent_prefix_path/sensor_interfaces
[4.984s] -- Installing: /home/upm/ros2_ws/src/install/sensor_interfaces/share/sensor_interfaces/environment/ament_prefix_path.sh
[4.985s] -- Installing: /home/upm/ros2_ws/src/install/sensor_interfaces/share/sensor_interfaces/environment/ament_prefix_path.dsv
[4.985s] -- Installing: /home/upm/ros2_ws/src/install/sensor_interfaces/share/sensor_interfaces/environment/path.sh
[4.985s] -- Installing: /home/upm/ros2_ws/src/install/sensor_interfaces/share/sensor_interfaces/environment/path.dsv
[4.985s] -- Installing: /home/upm/ros2_ws/src/install/sensor_interfaces/share/sensor_interfaces/local_setup.bash
[4.985s] -- Installing: /home/upm/ros2_ws/src/install/sensor_interfaces/share/sensor_interfaces/local_setup.sh
[4.985s] -- Installing: /home/upm/ros2_ws/src/install/sensor_interfaces/share/sensor_interfaces/local_setup.zsh
[4.985s] -- Installing: /home/upm/ros2_ws/src/install/sensor_interfaces/share/sensor_interfaces/local_setup.dsv
[4.985s] -- Installing: /home/upm/ros2_ws/src/install/sensor_interfaces/share/sensor_interfaces/package.dsv
[4.985s] -- Installing: /home/upm/ros2_ws/src/install/sensor_interfaces/share/ament_index/resource_index/packages/sensor_interfaces
[4.985s] -- Installing: /home/upm/ros2_ws/src/install/sensor_interfaces/share/sensor_interfaces/cmake/export_sensor_interfaces__rosidl_generator_cExport.cmake
[4.985s] -- Installing: /home/upm/ros2_ws/src/install/sensor_interfaces/share/sensor_interfaces/cmake/export_sensor_interfaces__rosidl_generator_cExport-noconfig.cmake
[4.986s] -- Installing: /home/upm/ros2_ws/src/install/sensor_interfaces/share/sensor_interfaces/cmake/export_sensor_interfaces__rosidl_typesupport_fastrtps_cExport.cmake
[4.986s] -- Installing: /home/upm/ros2_ws/src/install/sensor_interfaces/share/sensor_interfaces/cmake/export_sensor_interfaces__rosidl_typesupport_fastrtps_cExport-noconfig.cmake
[4.986s] -- Installing: /home/upm/ros2_ws/src/install/sensor_interfaces/share/sensor_interfaces/cmake/sensor_interfaces__rosidl_typesupport_introspection_cExport.cmake
[4.986s] -- Installing: /home/upm/ros2_ws/src/install/sensor_interfaces/share/sensor_interfaces/cmake/sensor_interfaces__rosidl_typesupport_introspection_cExport-noconfig.cmake
[4.986s] -- Installing: /home/upm/ros2_ws/src/install/sensor_interfaces/share/sensor_interfaces/cmake/sensor_interfaces__rosidl_typesupport_cExport.cmake
[4.986s] -- Installing: /home/upm/ros2_ws/src/install/sensor_interfaces/share/sensor_interfaces/cmake/sensor_interfaces__rosidl_typesupport_cExport-noconfig.cmake
[4.986s] -- Installing: /home/upm/ros2_ws/src/install/sensor_interfaces/share/sensor_interfaces/cmake/export_sensor_interfaces__rosidl_generator_cppExport.cmake
[4.986s] -- Installing: /home/upm/ros2_ws/src/install/sensor_interfaces/share/sensor_interfaces/cmake/export_sensor_interfaces__rosidl_typesupport_fastrtps_cppExport.cmake
[4.987s] -- Installing: /home/upm/ros2_ws/src/install/sensor_interfaces/share/sensor_interfaces/cmake/export_sensor_interfaces__rosidl_typesupport_fastrtps_cppExport-noconfig.cmake
[4.987s] -- Installing: /home/upm/ros2_ws/src/install/sensor_interfaces/share/sensor_interfaces/cmake/sensor_interfaces__rosidl_typesupport_introspection_cppExport.cmake
[4.987s] -- Installing: /home/upm/ros2_ws/src/install/sensor_interfaces/share/sensor_interfaces/cmake/sensor_interfaces__rosidl_typesupport_introspection_cppExport-noconfig.cmake
[4.987s] -- Installing: /home/upm/ros2_ws/src/install/sensor_interfaces/share/sensor_interfaces/cmake/sensor_interfaces__rosidl_typesupport_cppExport.cmake
[4.987s] -- Installing: /home/upm/ros2_ws/src/install/sensor_interfaces/share/sensor_interfaces/cmake/sensor_interfaces__rosidl_typesupport_cppExport-noconfig.cmake
[4.987s] -- Installing: /home/upm/ros2_ws/src/install/sensor_interfaces/share/sensor_interfaces/cmake/export_sensor_interfaces__rosidl_generator_pyExport.cmake
[4.987s] -- Installing: /home/upm/ros2_ws/src/install/sensor_interfaces/share/sensor_interfaces/cmake/export_sensor_interfaces__rosidl_generator_pyExport-noconfig.cmake
[4.987s] -- Installing: /home/upm/ros2_ws/src/install/sensor_interfaces/share/sensor_interfaces/cmake/rosidl_cmake-extras.cmake
[4.987s] -- Installing: /home/upm/ros2_ws/src/install/sensor_interfaces/share/sensor_interfaces/cmake/ament_cmake_export_include_directories-extras.cmake
[4.988s] -- Installing: /home/upm/ros2_ws/src/install/sensor_interfaces/share/sensor_interfaces/cmake/ament_cmake_export_libraries-extras.cmake
[4.988s] -- Installing: /home/upm/ros2_ws/src/install/sensor_interfaces/share/sensor_interfaces/cmake/ament_cmake_export_targets-extras.cmake
[4.988s] -- Installing: /home/upm/ros2_ws/src/install/sensor_interfaces/share/sensor_interfaces/cmake/rosidl_cmake_export_typesupport_targets-extras.cmake
[4.988s] -- Installing: /home/upm/ros2_ws/src/install/sensor_interfaces/share/sensor_interfaces/cmake/ament_cmake_export_dependencies-extras.cmake
[4.988s] -- Installing: /home/upm/ros2_ws/src/install/sensor_interfaces/share/sensor_interfaces/cmake/rosidl_cmake_export_typesupport_libraries-extras.cmake
[4.988s] -- Installing: /home/upm/ros2_ws/src/install/sensor_interfaces/share/sensor_interfaces/cmake/sensor_interfacesConfig.cmake
[4.988s] -- Installing: /home/upm/ros2_ws/src/install/sensor_interfaces/share/sensor_interfaces/cmake/sensor_interfacesConfig-version.cmake
[4.988s] -- Installing: /home/upm/ros2_ws/src/install/sensor_interfaces/share/sensor_interfaces/package.xml
[4.991s] Invoked command in '/home/upm/ros2_ws/src/build/sensor_interfaces' returned '0': CMAKE_PREFIX_PATH=/opt/ros/humble /usr/bin/cmake --install /home/upm/ros2_ws/src/build/sensor_interfaces
